#
# There is insufficient memory for the Java Runtime Environment to continue.
# Native memory allocation (mmap) failed to map 263192576 bytes for Failed to commit area from 0x00000000b1d00000 to 0x00000000c1800000 of length 263192576.
# Possible reasons:
#   The system is out of physical RAM or swap space
#   The process is running with CompressedOops enabled, and the Java Heap may be blocking the growth of the native heap
# Possible solutions:
#   Reduce memory load on the system
#   Increase physical memory or swap space
#   Check if swap backing store is full
#   Decrease Java heap size (-Xmx/-Xms)
#   Decrease number of Java threads
#   Decrease Java thread stack sizes (-Xss)
#   Set larger code cache with -XX:ReservedCodeCacheSize=
#   JVM is running with Unscaled Compressed Oops mode in which the Java heap is
#     placed in the first 4GB address space. The Java Heap base address is the
#     maximum limit for the native heap growth. Please use -XX:HeapBaseMinAddress
#     to set the Java Heap base and to place the Java Heap above 4GB virtual address.
# This output file may be truncated or incomplete.
#
#  Out of Memory Error (src/hotspot/os/windows/os_windows.cpp:3627), pid=13228, tid=17288
#
# JRE version: OpenJDK Runtime Environment (11.0.15) (build 11.0.15+0-b2043.56-9505619)
# Java VM: OpenJDK 64-Bit Server VM (11.0.15+0-b2043.56-9505619, mixed mode, tiered, compressed oops, g1 gc, windows-amd64)
# No core dump will be written. Minidumps are not enabled by default on client versions of Windows
#

---------------  S U M M A R Y ------------

Command Line: --add-opens=java.base/java.util=ALL-UNNAMED --add-opens=java.base/java.lang=ALL-UNNAMED --add-opens=java.base/java.lang.invoke=ALL-UNNAMED --add-opens=java.prefs/java.util.prefs=ALL-UNNAMED -Xmx1536m -Dfile.encoding=windows-1252 -Duser.country=US -Duser.language=en -Duser.variant org.gradle.launcher.daemon.bootstrap.GradleDaemon 6.1.1

Host: Intel(R) Core(TM) i7-3770S CPU @ 3.10GHz, 8 cores, 7G,  Windows 10 , 64 bit Build 19041 (10.0.19041.2546)
Time: Wed Mar 29 23:33:18 2023 Egypt Standard Time elapsed time: 993.869513 seconds (0d 0h 16m 33s)

---------------  T H R E A D  ---------------

Current thread (0x00000141ca6a3800):  VMThread "VM Thread" [stack: 0x0000002824600000,0x0000002824700000] [id=17288]

Stack: [0x0000002824600000,0x0000002824700000]
[error occurred during error reporting (printing stack bounds), id 0xc0000005, EXCEPTION_ACCESS_VIOLATION (0xc0000005) at pc=0x00000141b5051117]

Native frames: (J=compiled Java code, j=interpreted, Vv=VM code, C=native code)
V  [jvm.dll+0x64135a]
V  [jvm.dll+0x7d39f9]
V  [jvm.dll+0x7d51b9]
V  [jvm.dll+0x7d5805]
V  [jvm.dll+0x7d57bb]
V  [jvm.dll+0x640655]
V  [jvm.dll+0x640d68]
C  [ntdll.dll+0xa241f]
C  [ntdll.dll+0x514a4]
C  [ntdll.dll+0xa0f4e]
C  0x00000141b5051117

VM_Operation (0x00000028295fdb30): G1CollectForAllocation, mode: safepoint, requested by thread 0x00000141cd7cd000


---------------  P R O C E S S  ---------------

Threads class SMR info:
_java_thread_list=0x00000141d1c48880, length=74, elements={
0x00000141b1526800, 0x00000141ca6c6000, 0x00000141ca6cf000, 0x00000141cb043800,
0x00000141ca6e0800, 0x00000141ca6e2000, 0x00000141ca6f0000, 0x00000141ca6f8000,
0x00000141ca6f9000, 0x00000141cb1a1000, 0x00000141cce6b800, 0x00000141cbc56800,
0x00000141cd34c800, 0x00000141cc63d000, 0x00000141cc63e800, 0x00000141cc63a800,
0x00000141cc63a000, 0x00000141cf9d2000, 0x00000141cf9d8800, 0x00000141cf9cb000,
0x00000141cf9c9800, 0x00000141cf9cd000, 0x00000141cf9ca800, 0x00000141cf9d1000,
0x00000141cf9d0000, 0x00000141cf9d4000, 0x00000141cf9ce800, 0x00000141cf9d2800,
0x00000141cf9d3800, 0x00000141cf9d5000, 0x00000141cf9cf800, 0x00000141cf9d6000,
0x00000141cf9d7800, 0x00000141cf9d6800, 0x00000141d0d0b000, 0x00000141d0d07800,
0x00000141d0d0a000, 0x00000141d0d0b800, 0x00000141d0d08800, 0x00000141d0d06000,
0x00000141d0d0c800, 0x00000141d0d06800, 0x00000141d0d13000, 0x00000141d0d0f000,
0x00000141d0d0d000, 0x00000141d0d0e000, 0x00000141d0d11800, 0x00000141d0d14000,
0x00000141d0d0f800, 0x00000141d0d14800, 0x00000141d0d10800, 0x00000141cc63f800,
0x00000141cc63b800, 0x00000141cc63c800, 0x00000141cc63e000, 0x00000141d0d12000,
0x00000141d4ee4800, 0x00000141d4ee5000, 0x00000141d4ee6000, 0x00000141d4ee0800,
0x00000141d4ee7000, 0x00000141d4ee2000, 0x00000141d4ee2800, 0x00000141d4ee1000,
0x00000141d4ee3800, 0x00000141cd7d1000, 0x00000141cd7d7000, 0x00000141cd7d3000,
0x00000141cd7cb800, 0x00000141cd7cf000, 0x00000141cd7cc800, 0x00000141cd7cd000,
0x00000141cd7ce000, 0x00000141cd7d0800
}

Java Threads: ( => current thread )
  0x00000141b1526800 JavaThread "main" [_thread_blocked, id=14480, stack(0x0000002824000000,0x0000002824100000)]
  0x00000141ca6c6000 JavaThread "Reference Handler" daemon [_thread_blocked, id=17092, stack(0x0000002824700000,0x0000002824800000)]
  0x00000141ca6cf000 JavaThread "Finalizer" daemon [_thread_blocked, id=14960, stack(0x0000002824800000,0x0000002824900000)]
  0x00000141cb043800 JavaThread "Signal Dispatcher" daemon [_thread_blocked, id=2080, stack(0x0000002824900000,0x0000002824a00000)]
  0x00000141ca6e0800 JavaThread "Attach Listener" daemon [_thread_blocked, id=8524, stack(0x0000002824a00000,0x0000002824b00000)]
  0x00000141ca6e2000 JavaThread "Service Thread" daemon [_thread_blocked, id=9312, stack(0x0000002824b00000,0x0000002824c00000)]
  0x00000141ca6f0000 JavaThread "C2 CompilerThread0" daemon [_thread_blocked, id=2776, stack(0x0000002824c00000,0x0000002824d00000)]
  0x00000141ca6f8000 JavaThread "C1 CompilerThread0" daemon [_thread_blocked, id=16612, stack(0x0000002824d00000,0x0000002824e00000)]
  0x00000141ca6f9000 JavaThread "Sweeper thread" daemon [_thread_blocked, id=7536, stack(0x0000002824e00000,0x0000002824f00000)]
  0x00000141cb1a1000 JavaThread "Common-Cleaner" daemon [_thread_blocked, id=5876, stack(0x0000002824f00000,0x0000002825000000)]
  0x00000141cce6b800 JavaThread "Daemon health stats" [_thread_blocked, id=8948, stack(0x0000002825400000,0x0000002825500000)]
  0x00000141cbc56800 JavaThread "Incoming local TCP Connector on port 64625" [_thread_in_native, id=12356, stack(0x0000002825300000,0x0000002825400000)]
  0x00000141cd34c800 JavaThread "Daemon periodic checks" [_thread_blocked, id=3560, stack(0x0000002825500000,0x0000002825600000)]
  0x00000141cc63d000 JavaThread "Cache worker for journal cache (C:\Users\Fady\.gradle\caches\journal-1)" [_thread_blocked, id=6028, stack(0x0000002825e00000,0x0000002825f00000)]
  0x00000141cc63e800 JavaThread "File lock request listener" [_thread_in_native, id=13340, stack(0x0000002825f00000,0x0000002826000000)]
  0x00000141cc63a800 JavaThread "Cache worker for file hash cache (C:\Users\Fady\.gradle\caches\6.1.1\fileHashes)" [_thread_blocked, id=6152, stack(0x0000002826000000,0x0000002826100000)]
  0x00000141cc63a000 JavaThread "Cache worker for execution history cache (C:\Users\Fady\.gradle\caches\6.1.1\executionHistory)" [_thread_blocked, id=13924, stack(0x0000002826c00000,0x0000002826d00000)]
  0x00000141cf9d2000 JavaThread "Memory manager" [_thread_blocked, id=16268, stack(0x0000002827500000,0x0000002827600000)]
  0x00000141cf9d8800 JavaThread "Cache worker for file content cache (C:\Users\Fady\.gradle\caches\6.1.1\fileContent)" [_thread_blocked, id=12160, stack(0x0000002827600000,0x0000002827700000)]
  0x00000141cf9cb000 JavaThread "Daemon Thread 3" [_thread_blocked, id=19768, stack(0x0000002823e00000,0x0000002823f00000)]
  0x00000141cf9c9800 JavaThread "Handler for socket connection from /127.0.0.1:64625 to /127.0.0.1:55646" [_thread_in_native, id=15628, stack(0x0000002823f00000,0x0000002824000000)]
  0x00000141cf9cd000 JavaThread "Cancel handler" [_thread_blocked, id=15188, stack(0x0000002825600000,0x0000002825700000)]
  0x00000141cf9ca800 JavaThread "Daemon worker Thread 3" [_thread_blocked, id=11036, stack(0x0000002825900000,0x0000002825a00000)]
  0x00000141cf9d1000 JavaThread "Asynchronous log dispatcher for DefaultDaemonConnection: socket connection from /127.0.0.1:64625 to /127.0.0.1:55646" [_thread_blocked, id=11988, stack(0x0000002825a00000,0x0000002825b00000)]
  0x00000141cf9d0000 JavaThread "Stdin handler" [_thread_blocked, id=19072, stack(0x0000002825b00000,0x0000002825c00000)]
  0x00000141cf9d4000 JavaThread "Thread-70" [_thread_blocked, id=9028, stack(0x0000002825c00000,0x0000002825d00000)]
  0x00000141cf9ce800 JavaThread "Cache worker for checksums cache (D:\AndProjects\RunningAppYT-master\.gradle\checksums)" [_thread_blocked, id=2804, stack(0x0000002826600000,0x0000002826700000)]
  0x00000141cf9d2800 JavaThread "Cache worker for file hash cache (D:\AndProjects\RunningAppYT-master\.gradle\6.1.1\fileHashes)" [_thread_blocked, id=13388, stack(0x0000002826700000,0x0000002826800000)]
  0x00000141cf9d3800 JavaThread "Cache worker for cache directory md-supplier (C:\Users\Fady\.gradle\caches\6.1.1\md-supplier)" [_thread_blocked, id=2976, stack(0x0000002826800000,0x0000002826900000)]
  0x00000141cf9d5000 JavaThread "Cache worker for cache directory md-rule (C:\Users\Fady\.gradle\caches\6.1.1\md-rule)" [_thread_blocked, id=12684, stack(0x0000002826900000,0x0000002826a00000)]
  0x00000141cf9cf800 JavaThread "Build operations" [_thread_blocked, id=5452, stack(0x0000002826a00000,0x0000002826b00000)]
  0x00000141cf9d6000 JavaThread "Build operations Thread 2" [_thread_blocked, id=5736, stack(0x0000002826b00000,0x0000002826c00000)]
  0x00000141cf9d7800 JavaThread "Build operations Thread 3" [_thread_blocked, id=14028, stack(0x0000002826d00000,0x0000002826e00000)]
  0x00000141cf9d6800 JavaThread "Build operations Thread 4" [_thread_blocked, id=14072, stack(0x0000002826e00000,0x0000002826f00000)]
  0x00000141d0d0b000 JavaThread "Build operations Thread 5" [_thread_blocked, id=1392, stack(0x0000002826f00000,0x0000002827000000)]
  0x00000141d0d07800 JavaThread "Build operations Thread 6" [_thread_blocked, id=13764, stack(0x0000002827000000,0x0000002827100000)]
  0x00000141d0d0a000 JavaThread "Build operations Thread 7" [_thread_blocked, id=18772, stack(0x0000002827100000,0x0000002827200000)]
  0x00000141d0d0b800 JavaThread "Build operations Thread 8" [_thread_blocked, id=2292, stack(0x0000002827200000,0x0000002827300000)]
  0x00000141d0d08800 JavaThread "Cache worker for Build Output Cleanup Cache (D:\AndProjects\RunningAppYT-master\.gradle\buildOutputCleanup)" [_thread_blocked, id=8040, stack(0x0000002827300000,0x0000002827400000)]
  0x00000141d0d06000 JavaThread "Cache worker for file content cache (D:\AndProjects\RunningAppYT-master\.gradle\6.1.1\fileContent)" [_thread_blocked, id=9724, stack(0x0000002827400000,0x0000002827500000)]
  0x00000141d0d0c800 JavaThread "Execution worker for ':'" [_thread_blocked, id=19312, stack(0x0000002827700000,0x0000002827800000)]
  0x00000141d0d06800 JavaThread "Execution worker for ':' Thread 2" [_thread_blocked, id=6800, stack(0x0000002827800000,0x0000002827900000)]
  0x00000141d0d13000 JavaThread "Execution worker for ':' Thread 3" [_thread_blocked, id=3164, stack(0x0000002827900000,0x0000002827a00000)]
  0x00000141d0d0f000 JavaThread "Execution worker for ':' Thread 4" [_thread_blocked, id=11840, stack(0x0000002827a00000,0x0000002827b00000)]
  0x00000141d0d0d000 JavaThread "Execution worker for ':' Thread 5" [_thread_blocked, id=11212, stack(0x0000002827b00000,0x0000002827c00000)]
  0x00000141d0d0e000 JavaThread "Execution worker for ':' Thread 6" [_thread_blocked, id=13336, stack(0x0000002827c00000,0x0000002827d00000)]
  0x00000141d0d11800 JavaThread "Execution worker for ':' Thread 7" [_thread_blocked, id=16512, stack(0x0000002827d00000,0x0000002827e00000)]
  0x00000141d0d14000 JavaThread "Cache worker for execution history cache (D:\AndProjects\RunningAppYT-master\.gradle\6.1.1\executionHistory)" [_thread_blocked, id=6400, stack(0x0000002827e00000,0x0000002827f00000)]
  0x00000141d0d0f800 JavaThread "WorkerExecutor Queue Thread 2" [_thread_blocked, id=21060, stack(0x0000002828000000,0x0000002828100000)]
  0x00000141d0d14800 JavaThread "pool-4-thread-1" [_thread_blocked, id=12200, stack(0x0000002828100000,0x0000002828200000)]
  0x00000141d0d10800 JavaThread "stderr" [_thread_in_native, id=10368, stack(0x0000002828200000,0x0000002828300000)]
  0x00000141cc63f800 JavaThread "stdout" [_thread_in_native, id=1672, stack(0x0000002828300000,0x0000002828400000)]
  0x00000141cc63b800 JavaThread "WorkerExecutor Queue Thread 3" [_thread_blocked, id=1084, stack(0x0000002827f00000,0x0000002828000000)]
  0x00000141cc63c800 JavaThread "WorkerExecutor Queue Thread 4" [_thread_blocked, id=21040, stack(0x0000002828400000,0x0000002828500000)]
  0x00000141cc63e000 JavaThread "WorkerExecutor Queue Thread 5" [_thread_blocked, id=828, stack(0x0000002828500000,0x0000002828600000)]
  0x00000141d0d12000 JavaThread "WorkerExecutor Queue Thread 6" [_thread_blocked, id=12912, stack(0x0000002828600000,0x0000002828700000)]
  0x00000141d4ee4800 JavaThread "WorkerExecutor Queue Thread 7" [_thread_blocked, id=8248, stack(0x0000002828700000,0x0000002828800000)]
  0x00000141d4ee5000 JavaThread "WorkerExecutor Queue Thread 8" [_thread_blocked, id=10092, stack(0x0000002828800000,0x0000002828900000)]
  0x00000141d4ee6000 JavaThread "WorkerExecutor Queue Thread 9" [_thread_blocked, id=7508, stack(0x0000002828900000,0x0000002828a00000)]
  0x00000141d4ee0800 JavaThread "ForkJoinPool.commonPool-worker-3" daemon [_thread_blocked, id=6668, stack(0x0000002828a00000,0x0000002828b00000)]
  0x00000141d4ee7000 JavaThread "ForkJoinPool.commonPool-worker-5" daemon [_thread_blocked, id=6112, stack(0x0000002828b00000,0x0000002828c00000)]
  0x00000141d4ee2000 JavaThread "ForkJoinPool.commonPool-worker-7" daemon [_thread_blocked, id=17868, stack(0x0000002828c00000,0x0000002828d00000)]
  0x00000141d4ee2800 JavaThread "ForkJoinPool.commonPool-worker-9" daemon [_thread_blocked, id=7800, stack(0x0000002828d00000,0x0000002828e00000)]
  0x00000141d4ee1000 JavaThread "ForkJoinPool.commonPool-worker-11" daemon [_thread_blocked, id=19004, stack(0x0000002828e00000,0x0000002828f00000)]
  0x00000141d4ee3800 JavaThread "ForkJoinPool.commonPool-worker-13" daemon [_thread_blocked, id=17524, stack(0x0000002828f00000,0x0000002829000000)]
  0x00000141cd7d1000 JavaThread "ForkJoinPool.commonPool-worker-15" daemon [_thread_blocked, id=10772, stack(0x0000002829000000,0x0000002829100000)]
  0x00000141cd7d7000 JavaThread "ForkJoinPool-1-worker-3" daemon [_thread_blocked, id=19944, stack(0x0000002829a00000,0x0000002829b00000)]
  0x00000141cd7d3000 JavaThread "ForkJoinPool-1-worker-5" daemon [_thread_blocked, id=3904, stack(0x0000002829b00000,0x0000002829c00000)]
  0x00000141cd7cb800 JavaThread "ForkJoinPool-1-worker-7" daemon [_thread_blocked, id=14148, stack(0x0000002829200000,0x0000002829300000)]
  0x00000141cd7cf000 JavaThread "ForkJoinPool-1-worker-9" daemon [_thread_blocked, id=11308, stack(0x0000002829300000,0x0000002829400000)]
  0x00000141cd7cc800 JavaThread "ForkJoinPool-1-worker-11" daemon [_thread_blocked, id=3884, stack(0x0000002829400000,0x0000002829500000)]
  0x00000141cd7cd000 JavaThread "ForkJoinPool-1-worker-13" daemon [_thread_blocked, id=7808, stack(0x0000002829500000,0x0000002829600000)]
  0x00000141cd7ce000 JavaThread "ForkJoinPool-1-worker-15" daemon [_thread_blocked, id=20744, stack(0x0000002829600000,0x0000002829700000)]
  0x00000141cd7d0800 JavaThread "ForkJoinPool-1-worker-1" daemon [_thread_blocked, id=18728, stack(0x0000002829700000,0x0000002829800000)]

Other Threads:
=>0x00000141ca6a3800 VMThread "VM Thread" [stack: 0x0000002824600000,0x0000002824700000] [id=17288]
  0x00000141cb1c9000 WatcherThread [stack: 0x0000002825000000,0x0000002825100000] [id=14660]
  0x00000141b1540000 GCTaskThread "GC Thread#0" [stack: 0x0000002824100000,0x0000002824200000] [id=18880]
  0x00000141cbac8800 GCTaskThread "GC Thread#1" [stack: 0x0000002825100000,0x0000002825200000] [id=9356]
  0x00000141cbd9f800 GCTaskThread "GC Thread#2" [stack: 0x0000002825200000,0x0000002825300000] [id=21196]
  0x00000141cc26b000 GCTaskThread "GC Thread#3" [stack: 0x0000002826100000,0x0000002826200000] [id=13592]
  0x00000141cc986800 GCTaskThread "GC Thread#4" [stack: 0x0000002826200000,0x0000002826300000] [id=19196]
  0x00000141cc9d2800 GCTaskThread "GC Thread#5" [stack: 0x0000002826300000,0x0000002826400000] [id=6504]
  0x00000141ccb88800 GCTaskThread "GC Thread#6" [stack: 0x0000002826400000,0x0000002826500000] [id=17932]
  0x00000141cc9a5000 GCTaskThread "GC Thread#7" [stack: 0x0000002826500000,0x0000002826600000] [id=11548]
  0x00000141b1568000 ConcurrentGCThread "G1 Main Marker" [stack: 0x0000002824200000,0x0000002824300000] [id=15100]
  0x00000141b156a800 ConcurrentGCThread "G1 Conc#0" [stack: 0x0000002824300000,0x0000002824400000] [id=11040]
  0x00000141cceb1800 ConcurrentGCThread "G1 Conc#1" [stack: 0x0000002825d00000,0x0000002825e00000] [id=18912]
  0x00000141ca510800 ConcurrentGCThread "G1 Refine#0" [stack: 0x0000002824400000,0x0000002824500000] [id=3836]
  0x00000141ca511800 ConcurrentGCThread "G1 Young RemSet Sampling" [stack: 0x0000002824500000,0x0000002824600000] [id=4864]

Threads with active compile tasks:
C2 CompilerThread0   994012 17716 %     4       com.android.tools.r8.dex.n::a @ 330 (1022 bytes)

VM state:at safepoint (normal execution)

VM Mutex/Monitor currently owned by a thread:  ([mutex/lock_event])
[0x00000141b1523f20] Threads_lock - owner thread: 0x00000141ca6a3800
[0x00000141b15237d0] Heap_lock - owner thread: 0x00000141cd7cd000

Heap address: 0x00000000a0000000, size: 1536 MB, Compressed Oops mode: 32-bit
Narrow klass base: 0x0000000000000000, Narrow klass shift: 3
Compressed class space size: 1073741824 Address: 0x0000000100000000

Heap:
 garbage-first heap   total 548864K, used 243712K [0x00000000a0000000, 0x0000000100000000)
  region size 1024K, 2 young (2048K), 2 survivors (2048K)
 Metaspace       used 101993K, capacity 104678K, committed 105992K, reserved 1140736K
  class space    used 12632K, capacity 13575K, committed 14080K, reserved 1048576K
Heap Regions: E=young(eden), S=young(survivor), O=old, HS=humongous(starts), HC=humongous(continues), CS=collection set, F=free, A=archive, TAMS=top-at-mark-start (previous, next)
|   0|0x00000000a0000000, 0x00000000a0100000, 0x00000000a0100000|100%| O|  |TAMS 0x00000000a0100000, 0x00000000a0100000| Untracked 
|   1|0x00000000a0100000, 0x00000000a0200000, 0x00000000a0200000|100%| O|  |TAMS 0x00000000a0200000, 0x00000000a0200000| Untracked 
|   2|0x00000000a0200000, 0x00000000a0300000, 0x00000000a0300000|100%| O|  |TAMS 0x00000000a0300000, 0x00000000a0300000| Untracked 
|   3|0x00000000a0300000, 0x00000000a0400000, 0x00000000a0400000|100%|HS|  |TAMS 0x00000000a0400000, 0x00000000a0400000| Complete 
|   4|0x00000000a0400000, 0x00000000a0500000, 0x00000000a0500000|100%|HC|  |TAMS 0x00000000a0500000, 0x00000000a0500000| Complete 
|   5|0x00000000a0500000, 0x00000000a0600000, 0x00000000a0600000|100%|HC|  |TAMS 0x00000000a0600000, 0x00000000a0600000| Complete 
|   6|0x00000000a0600000, 0x00000000a0700000, 0x00000000a0700000|100%| O|  |TAMS 0x00000000a0700000, 0x00000000a0700000| Untracked 
|   7|0x00000000a0700000, 0x00000000a0800000, 0x00000000a0800000|100%| O|  |TAMS 0x00000000a0800000, 0x00000000a0800000| Untracked 
|   8|0x00000000a0800000, 0x00000000a0900000, 0x00000000a0900000|100%| O|  |TAMS 0x00000000a0900000, 0x00000000a0900000| Untracked 
|   9|0x00000000a0900000, 0x00000000a0a00000, 0x00000000a0a00000|100%| O|  |TAMS 0x00000000a0a00000, 0x00000000a0a00000| Untracked 
|  10|0x00000000a0a00000, 0x00000000a0b00000, 0x00000000a0b00000|100%| O|  |TAMS 0x00000000a0b00000, 0x00000000a0b00000| Untracked 
|  11|0x00000000a0b00000, 0x00000000a0c00000, 0x00000000a0c00000|100%| O|  |TAMS 0x00000000a0c00000, 0x00000000a0c00000| Untracked 
|  12|0x00000000a0c00000, 0x00000000a0d00000, 0x00000000a0d00000|100%| O|  |TAMS 0x00000000a0d00000, 0x00000000a0d00000| Untracked 
|  13|0x00000000a0d00000, 0x00000000a0e00000, 0x00000000a0e00000|100%| O|  |TAMS 0x00000000a0e00000, 0x00000000a0e00000| Untracked 
|  14|0x00000000a0e00000, 0x00000000a0f00000, 0x00000000a0f00000|100%| O|  |TAMS 0x00000000a0f00000, 0x00000000a0f00000| Untracked 
|  15|0x00000000a0f00000, 0x00000000a1000000, 0x00000000a1000000|100%| O|  |TAMS 0x00000000a1000000, 0x00000000a1000000| Untracked 
|  16|0x00000000a1000000, 0x00000000a1100000, 0x00000000a1100000|100%|HS|  |TAMS 0x00000000a1100000, 0x00000000a1100000| Complete 
|  17|0x00000000a1100000, 0x00000000a1200000, 0x00000000a1200000|100%|HC|  |TAMS 0x00000000a1200000, 0x00000000a1200000| Complete 
|  18|0x00000000a1200000, 0x00000000a1300000, 0x00000000a1300000|100%|HS|  |TAMS 0x00000000a1300000, 0x00000000a1300000| Complete 
|  19|0x00000000a1300000, 0x00000000a1400000, 0x00000000a1400000|100%|HC|  |TAMS 0x00000000a1400000, 0x00000000a1400000| Complete 
|  20|0x00000000a1400000, 0x00000000a1500000, 0x00000000a1500000|100%|HC|  |TAMS 0x00000000a1500000, 0x00000000a1500000| Complete 
|  21|0x00000000a1500000, 0x00000000a1600000, 0x00000000a1600000|100%|HS|  |TAMS 0x00000000a1600000, 0x00000000a1600000| Complete 
|  22|0x00000000a1600000, 0x00000000a1700000, 0x00000000a1700000|100%|HC|  |TAMS 0x00000000a1700000, 0x00000000a1700000| Complete 
|  23|0x00000000a1700000, 0x00000000a1800000, 0x00000000a1800000|100%|HC|  |TAMS 0x00000000a1800000, 0x00000000a1800000| Complete 
|  24|0x00000000a1800000, 0x00000000a1900000, 0x00000000a1900000|100%|HC|  |TAMS 0x00000000a1900000, 0x00000000a1900000| Complete 
|  25|0x00000000a1900000, 0x00000000a1a00000, 0x00000000a1a00000|100%|HC|  |TAMS 0x00000000a1a00000, 0x00000000a1a00000| Complete 
|  26|0x00000000a1a00000, 0x00000000a1b00000, 0x00000000a1b00000|100%|HS|  |TAMS 0x00000000a1b00000, 0x00000000a1b00000| Complete 
|  27|0x00000000a1b00000, 0x00000000a1c00000, 0x00000000a1c00000|100%|HC|  |TAMS 0x00000000a1c00000, 0x00000000a1c00000| Complete 
|  28|0x00000000a1c00000, 0x00000000a1d00000, 0x00000000a1d00000|100%| O|  |TAMS 0x00000000a1d00000, 0x00000000a1d00000| Untracked 
|  29|0x00000000a1d00000, 0x00000000a1e00000, 0x00000000a1e00000|100%| O|  |TAMS 0x00000000a1e00000, 0x00000000a1e00000| Untracked 
|  30|0x00000000a1e00000, 0x00000000a1f00000, 0x00000000a1f00000|100%| O|  |TAMS 0x00000000a1f00000, 0x00000000a1f00000| Untracked 
|  31|0x00000000a1f00000, 0x00000000a2000000, 0x00000000a2000000|100%| O|  |TAMS 0x00000000a2000000, 0x00000000a2000000| Untracked 
|  32|0x00000000a2000000, 0x00000000a2100000, 0x00000000a2100000|100%| O|  |TAMS 0x00000000a2100000, 0x00000000a2100000| Untracked 
|  33|0x00000000a2100000, 0x00000000a2200000, 0x00000000a2200000|100%| O|  |TAMS 0x00000000a2200000, 0x00000000a2200000| Untracked 
|  34|0x00000000a2200000, 0x00000000a2300000, 0x00000000a2300000|100%| O|  |TAMS 0x00000000a2300000, 0x00000000a2300000| Untracked 
|  35|0x00000000a2300000, 0x00000000a2400000, 0x00000000a2400000|100%|HS|  |TAMS 0x00000000a2400000, 0x00000000a2400000| Complete 
|  36|0x00000000a2400000, 0x00000000a2500000, 0x00000000a2500000|100%|HC|  |TAMS 0x00000000a2500000, 0x00000000a2500000| Complete 
|  37|0x00000000a2500000, 0x00000000a2600000, 0x00000000a2600000|100%|HC|  |TAMS 0x00000000a2600000, 0x00000000a2600000| Complete 
|  38|0x00000000a2600000, 0x00000000a2700000, 0x00000000a2700000|100%|HS|  |TAMS 0x00000000a2700000, 0x00000000a2700000| Complete 
|  39|0x00000000a2700000, 0x00000000a2800000, 0x00000000a2800000|100%|HC|  |TAMS 0x00000000a2800000, 0x00000000a2800000| Complete 
|  40|0x00000000a2800000, 0x00000000a2900000, 0x00000000a2900000|100%|HC|  |TAMS 0x00000000a2900000, 0x00000000a2900000| Complete 
|  41|0x00000000a2900000, 0x00000000a2a00000, 0x00000000a2a00000|100%|HS|  |TAMS 0x00000000a2a00000, 0x00000000a2a00000| Complete 
|  42|0x00000000a2a00000, 0x00000000a2b00000, 0x00000000a2b00000|100%|HC|  |TAMS 0x00000000a2b00000, 0x00000000a2b00000| Complete 
|  43|0x00000000a2b00000, 0x00000000a2c00000, 0x00000000a2c00000|100%| O|  |TAMS 0x00000000a2c00000, 0x00000000a2c00000| Untracked 
|  44|0x00000000a2c00000, 0x00000000a2d00000, 0x00000000a2d00000|100%| O|  |TAMS 0x00000000a2d00000, 0x00000000a2d00000| Untracked 
|  45|0x00000000a2d00000, 0x00000000a2e00000, 0x00000000a2e00000|100%| O|  |TAMS 0x00000000a2e00000, 0x00000000a2e00000| Untracked 
|  46|0x00000000a2e00000, 0x00000000a2f00000, 0x00000000a2f00000|100%| O|  |TAMS 0x00000000a2f00000, 0x00000000a2f00000| Untracked 
|  47|0x00000000a2f00000, 0x00000000a3000000, 0x00000000a3000000|100%| O|  |TAMS 0x00000000a3000000, 0x00000000a3000000| Untracked 
|  48|0x00000000a3000000, 0x00000000a3100000, 0x00000000a3100000|100%| O|  |TAMS 0x00000000a3100000, 0x00000000a3100000| Untracked 
|  49|0x00000000a3100000, 0x00000000a3200000, 0x00000000a3200000|100%| O|  |TAMS 0x00000000a3200000, 0x00000000a3200000| Untracked 
|  50|0x00000000a3200000, 0x00000000a3300000, 0x00000000a3300000|100%| O|  |TAMS 0x00000000a3300000, 0x00000000a3300000| Untracked 
|  51|0x00000000a3300000, 0x00000000a3400000, 0x00000000a3400000|100%| O|  |TAMS 0x00000000a3400000, 0x00000000a3400000| Untracked 
|  52|0x00000000a3400000, 0x00000000a3500000, 0x00000000a3500000|100%| O|  |TAMS 0x00000000a3500000, 0x00000000a3500000| Untracked 
|  53|0x00000000a3500000, 0x00000000a3600000, 0x00000000a3600000|100%| O|  |TAMS 0x00000000a3600000, 0x00000000a3600000| Untracked 
|  54|0x00000000a3600000, 0x00000000a3700000, 0x00000000a3700000|100%| O|  |TAMS 0x00000000a3700000, 0x00000000a3700000| Untracked 
|  55|0x00000000a3700000, 0x00000000a3800000, 0x00000000a3800000|100%| O|  |TAMS 0x00000000a3800000, 0x00000000a3800000| Untracked 
|  56|0x00000000a3800000, 0x00000000a3900000, 0x00000000a3900000|100%| O|  |TAMS 0x00000000a3900000, 0x00000000a3900000| Untracked 
|  57|0x00000000a3900000, 0x00000000a3a00000, 0x00000000a3a00000|100%| O|  |TAMS 0x00000000a3a00000, 0x00000000a3a00000| Untracked 
|  58|0x00000000a3a00000, 0x00000000a3b00000, 0x00000000a3b00000|100%| O|  |TAMS 0x00000000a3b00000, 0x00000000a3b00000| Untracked 
|  59|0x00000000a3b00000, 0x00000000a3c00000, 0x00000000a3c00000|100%| O|  |TAMS 0x00000000a3c00000, 0x00000000a3c00000| Untracked 
|  60|0x00000000a3c00000, 0x00000000a3d00000, 0x00000000a3d00000|100%| O|  |TAMS 0x00000000a3d00000, 0x00000000a3d00000| Untracked 
|  61|0x00000000a3d00000, 0x00000000a3e00000, 0x00000000a3e00000|100%| O|  |TAMS 0x00000000a3e00000, 0x00000000a3e00000| Untracked 
|  62|0x00000000a3e00000, 0x00000000a3f00000, 0x00000000a3f00000|100%| O|  |TAMS 0x00000000a3f00000, 0x00000000a3f00000| Untracked 
|  63|0x00000000a3f00000, 0x00000000a4000000, 0x00000000a4000000|100%| O|  |TAMS 0x00000000a4000000, 0x00000000a4000000| Untracked 
|  64|0x00000000a4000000, 0x00000000a4100000, 0x00000000a4100000|100%| O|  |TAMS 0x00000000a4100000, 0x00000000a4100000| Untracked 
|  65|0x00000000a4100000, 0x00000000a4200000, 0x00000000a4200000|100%| O|  |TAMS 0x00000000a4200000, 0x00000000a4200000| Untracked 
|  66|0x00000000a4200000, 0x00000000a4300000, 0x00000000a4300000|100%| O|  |TAMS 0x00000000a4300000, 0x00000000a4300000| Untracked 
|  67|0x00000000a4300000, 0x00000000a4400000, 0x00000000a4400000|100%| O|  |TAMS 0x00000000a4400000, 0x00000000a4400000| Untracked 
|  68|0x00000000a4400000, 0x00000000a4500000, 0x00000000a4500000|100%| O|  |TAMS 0x00000000a4500000, 0x00000000a4500000| Untracked 
|  69|0x00000000a4500000, 0x00000000a4600000, 0x00000000a4600000|100%| O|  |TAMS 0x00000000a4600000, 0x00000000a4600000| Untracked 
|  70|0x00000000a4600000, 0x00000000a4700000, 0x00000000a4700000|100%| O|  |TAMS 0x00000000a4700000, 0x00000000a4700000| Untracked 
|  71|0x00000000a4700000, 0x00000000a4800000, 0x00000000a4800000|100%| O|  |TAMS 0x00000000a4800000, 0x00000000a4800000| Untracked 
|  72|0x00000000a4800000, 0x00000000a4900000, 0x00000000a4900000|100%| O|  |TAMS 0x00000000a4900000, 0x00000000a4900000| Untracked 
|  73|0x00000000a4900000, 0x00000000a4a00000, 0x00000000a4a00000|100%| O|  |TAMS 0x00000000a4900000, 0x00000000a4a00000| Untracked 
|  74|0x00000000a4a00000, 0x00000000a4b00000, 0x00000000a4b00000|100%| O|  |TAMS 0x00000000a4b00000, 0x00000000a4b00000| Untracked 
|  75|0x00000000a4b00000, 0x00000000a4c00000, 0x00000000a4c00000|100%| O|  |TAMS 0x00000000a4c00000, 0x00000000a4c00000| Untracked 
|  76|0x00000000a4c00000, 0x00000000a4d00000, 0x00000000a4d00000|100%| O|  |TAMS 0x00000000a4d00000, 0x00000000a4d00000| Untracked 
|  77|0x00000000a4d00000, 0x00000000a4e00000, 0x00000000a4e00000|100%| O|  |TAMS 0x00000000a4e00000, 0x00000000a4e00000| Untracked 
|  78|0x00000000a4e00000, 0x00000000a4f00000, 0x00000000a4f00000|100%| O|  |TAMS 0x00000000a4f00000, 0x00000000a4f00000| Untracked 
|  79|0x00000000a4f00000, 0x00000000a5000000, 0x00000000a5000000|100%| O|  |TAMS 0x00000000a5000000, 0x00000000a5000000| Untracked 
|  80|0x00000000a5000000, 0x00000000a5100000, 0x00000000a5100000|100%| O|  |TAMS 0x00000000a5100000, 0x00000000a5100000| Untracked 
|  81|0x00000000a5100000, 0x00000000a5200000, 0x00000000a5200000|100%| O|  |TAMS 0x00000000a5200000, 0x00000000a5200000| Untracked 
|  82|0x00000000a5200000, 0x00000000a5300000, 0x00000000a5300000|100%| O|  |TAMS 0x00000000a5300000, 0x00000000a5300000| Untracked 
|  83|0x00000000a5300000, 0x00000000a5400000, 0x00000000a5400000|100%| O|  |TAMS 0x00000000a5400000, 0x00000000a5400000| Untracked 
|  84|0x00000000a5400000, 0x00000000a5500000, 0x00000000a5500000|100%| O|  |TAMS 0x00000000a5500000, 0x00000000a5500000| Untracked 
|  85|0x00000000a5500000, 0x00000000a5600000, 0x00000000a5600000|100%| O|  |TAMS 0x00000000a5600000, 0x00000000a5600000| Untracked 
|  86|0x00000000a5600000, 0x00000000a5700000, 0x00000000a5700000|100%| O|  |TAMS 0x00000000a5700000, 0x00000000a5700000| Untracked 
|  87|0x00000000a5700000, 0x00000000a5800000, 0x00000000a5800000|100%| O|  |TAMS 0x00000000a5800000, 0x00000000a5800000| Untracked 
|  88|0x00000000a5800000, 0x00000000a5900000, 0x00000000a5900000|100%| O|  |TAMS 0x00000000a5900000, 0x00000000a5900000| Untracked 
|  89|0x00000000a5900000, 0x00000000a5a00000, 0x00000000a5a00000|100%| O|  |TAMS 0x00000000a5900000, 0x00000000a5a00000| Untracked 
|  90|0x00000000a5a00000, 0x00000000a5b00000, 0x00000000a5b00000|100%| O|  |TAMS 0x00000000a5b00000, 0x00000000a5b00000| Untracked 
|  91|0x00000000a5b00000, 0x00000000a5c00000, 0x00000000a5c00000|100%| O|  |TAMS 0x00000000a5c00000, 0x00000000a5c00000| Untracked 
|  92|0x00000000a5c00000, 0x00000000a5d00000, 0x00000000a5d00000|100%| O|  |TAMS 0x00000000a5d00000, 0x00000000a5d00000| Untracked 
|  93|0x00000000a5d00000, 0x00000000a5e00000, 0x00000000a5e00000|100%| O|  |TAMS 0x00000000a5e00000, 0x00000000a5e00000| Untracked 
|  94|0x00000000a5e00000, 0x00000000a5f00000, 0x00000000a5f00000|100%| O|  |TAMS 0x00000000a5f00000, 0x00000000a5f00000| Untracked 
|  95|0x00000000a5f00000, 0x00000000a6000000, 0x00000000a6000000|100%| O|  |TAMS 0x00000000a6000000, 0x00000000a6000000| Untracked 
|  96|0x00000000a6000000, 0x00000000a6100000, 0x00000000a6100000|100%| O|  |TAMS 0x00000000a6100000, 0x00000000a6100000| Untracked 
|  97|0x00000000a6100000, 0x00000000a6200000, 0x00000000a6200000|100%| O|  |TAMS 0x00000000a6200000, 0x00000000a6200000| Untracked 
|  98|0x00000000a6200000, 0x00000000a6300000, 0x00000000a6300000|100%| O|  |TAMS 0x00000000a6300000, 0x00000000a6300000| Untracked 
|  99|0x00000000a6300000, 0x00000000a6400000, 0x00000000a6400000|100%| O|  |TAMS 0x00000000a6400000, 0x00000000a6400000| Untracked 
| 100|0x00000000a6400000, 0x00000000a6500000, 0x00000000a6500000|100%| O|  |TAMS 0x00000000a6500000, 0x00000000a6500000| Untracked 
| 101|0x00000000a6500000, 0x00000000a6600000, 0x00000000a6600000|100%| O|  |TAMS 0x00000000a6600000, 0x00000000a6600000| Untracked 
| 102|0x00000000a6600000, 0x00000000a6700000, 0x00000000a6700000|100%| O|  |TAMS 0x00000000a6700000, 0x00000000a6700000| Untracked 
| 103|0x00000000a6700000, 0x00000000a6800000, 0x00000000a6800000|100%| O|  |TAMS 0x00000000a6700000, 0x00000000a6800000| Untracked 
| 104|0x00000000a6800000, 0x00000000a6900000, 0x00000000a6900000|100%| O|  |TAMS 0x00000000a6800000, 0x00000000a6900000| Untracked 
| 105|0x00000000a6900000, 0x00000000a6a00000, 0x00000000a6a00000|100%| O|  |TAMS 0x00000000a6a00000, 0x00000000a6a00000| Untracked 
| 106|0x00000000a6a00000, 0x00000000a6b00000, 0x00000000a6b00000|100%| O|  |TAMS 0x00000000a6b00000, 0x00000000a6b00000| Untracked 
| 107|0x00000000a6b00000, 0x00000000a6c00000, 0x00000000a6c00000|100%| O|  |TAMS 0x00000000a6c00000, 0x00000000a6c00000| Untracked 
| 108|0x00000000a6c00000, 0x00000000a6d00000, 0x00000000a6d00000|100%| O|  |TAMS 0x00000000a6d00000, 0x00000000a6d00000| Untracked 
| 109|0x00000000a6d00000, 0x00000000a6e00000, 0x00000000a6e00000|100%| O|  |TAMS 0x00000000a6d00000, 0x00000000a6e00000| Untracked 
| 110|0x00000000a6e00000, 0x00000000a6f00000, 0x00000000a6f00000|100%| O|  |TAMS 0x00000000a6e00000, 0x00000000a6f00000| Untracked 
| 111|0x00000000a6f00000, 0x00000000a7000000, 0x00000000a7000000|100%| O|  |TAMS 0x00000000a7000000, 0x00000000a7000000| Untracked 
| 112|0x00000000a7000000, 0x00000000a7100000, 0x00000000a7100000|100%| O|  |TAMS 0x00000000a7100000, 0x00000000a7100000| Untracked 
| 113|0x00000000a7100000, 0x00000000a7200000, 0x00000000a7200000|100%| O|  |TAMS 0x00000000a7200000, 0x00000000a7200000| Untracked 
| 114|0x00000000a7200000, 0x00000000a7300000, 0x00000000a7300000|100%| O|  |TAMS 0x00000000a7300000, 0x00000000a7300000| Untracked 
| 115|0x00000000a7300000, 0x00000000a7400000, 0x00000000a7400000|100%| O|  |TAMS 0x00000000a7400000, 0x00000000a7400000| Untracked 
| 116|0x00000000a7400000, 0x00000000a7500000, 0x00000000a7500000|100%| O|  |TAMS 0x00000000a7500000, 0x00000000a7500000| Untracked 
| 117|0x00000000a7500000, 0x00000000a7600000, 0x00000000a7600000|100%| O|  |TAMS 0x00000000a7600000, 0x00000000a7600000| Untracked 
| 118|0x00000000a7600000, 0x00000000a7700000, 0x00000000a7700000|100%| O|  |TAMS 0x00000000a7700000, 0x00000000a7700000| Untracked 
| 119|0x00000000a7700000, 0x00000000a7800000, 0x00000000a7800000|100%| O|  |TAMS 0x00000000a7700000, 0x00000000a7800000| Untracked 
| 120|0x00000000a7800000, 0x00000000a7900000, 0x00000000a7900000|100%| O|  |TAMS 0x00000000a7800000, 0x00000000a7900000| Untracked 
| 121|0x00000000a7900000, 0x00000000a7a00000, 0x00000000a7a00000|100%| O|  |TAMS 0x00000000a7900000, 0x00000000a7a00000| Untracked 
| 122|0x00000000a7a00000, 0x00000000a7b00000, 0x00000000a7b00000|100%| O|  |TAMS 0x00000000a7a00000, 0x00000000a7b00000| Untracked 
| 123|0x00000000a7b00000, 0x00000000a7c00000, 0x00000000a7c00000|100%| O|  |TAMS 0x00000000a7b00000, 0x00000000a7c00000| Untracked 
| 124|0x00000000a7c00000, 0x00000000a7d00000, 0x00000000a7d00000|100%| O|  |TAMS 0x00000000a7c00000, 0x00000000a7d00000| Untracked 
| 125|0x00000000a7d00000, 0x00000000a7e00000, 0x00000000a7e00000|100%| O|  |TAMS 0x00000000a7d00000, 0x00000000a7d46000| Untracked 
| 126|0x00000000a7e00000, 0x00000000a7f00000, 0x00000000a7f00000|100%| O|  |TAMS 0x00000000a7e00000, 0x00000000a7e00000| Untracked 
| 127|0x00000000a7f00000, 0x00000000a8000000, 0x00000000a8000000|100%| O|  |TAMS 0x00000000a7f00000, 0x00000000a7f00000| Untracked 
| 128|0x00000000a8000000, 0x00000000a8100000, 0x00000000a8100000|100%| O|  |TAMS 0x00000000a8000000, 0x00000000a8000000| Untracked 
| 129|0x00000000a8100000, 0x00000000a8200000, 0x00000000a8200000|100%| O|  |TAMS 0x00000000a8100000, 0x00000000a8100000| Untracked 
| 130|0x00000000a8200000, 0x00000000a8300000, 0x00000000a8300000|100%|HS|  |TAMS 0x00000000a8300000, 0x00000000a8300000| Complete 
| 131|0x00000000a8300000, 0x00000000a8400000, 0x00000000a8400000|100%| O|  |TAMS 0x00000000a8300000, 0x00000000a8300000| Untracked 
| 132|0x00000000a8400000, 0x00000000a8500000, 0x00000000a8500000|100%| O|  |TAMS 0x00000000a8400000, 0x00000000a8400000| Untracked 
| 133|0x00000000a8500000, 0x00000000a8600000, 0x00000000a8600000|100%| O|  |TAMS 0x00000000a8600000, 0x00000000a8600000| Untracked 
| 134|0x00000000a8600000, 0x00000000a8700000, 0x00000000a8700000|100%| O|  |TAMS 0x00000000a8700000, 0x00000000a8700000| Untracked 
| 135|0x00000000a8700000, 0x00000000a8800000, 0x00000000a8800000|100%| O|  |TAMS 0x00000000a8800000, 0x00000000a8800000| Untracked 
| 136|0x00000000a8800000, 0x00000000a8900000, 0x00000000a8900000|100%| O|  |TAMS 0x00000000a8800000, 0x00000000a8800000| Untracked 
| 137|0x00000000a8900000, 0x00000000a8a00000, 0x00000000a8a00000|100%| O|  |TAMS 0x00000000a8a00000, 0x00000000a8a00000| Untracked 
| 138|0x00000000a8a00000, 0x00000000a8b00000, 0x00000000a8b00000|100%| O|  |TAMS 0x00000000a8b00000, 0x00000000a8b00000| Untracked 
| 139|0x00000000a8b00000, 0x00000000a8c00000, 0x00000000a8c00000|100%| O|  |TAMS 0x00000000a8c00000, 0x00000000a8c00000| Untracked 
| 140|0x00000000a8c00000, 0x00000000a8d00000, 0x00000000a8d00000|100%| O|  |TAMS 0x00000000a8d00000, 0x00000000a8d00000| Untracked 
| 141|0x00000000a8d00000, 0x00000000a8e00000, 0x00000000a8e00000|100%| O|  |TAMS 0x00000000a8e00000, 0x00000000a8e00000| Untracked 
| 142|0x00000000a8e00000, 0x00000000a8f00000, 0x00000000a8f00000|100%| O|  |TAMS 0x00000000a8f00000, 0x00000000a8f00000| Untracked 
| 143|0x00000000a8f00000, 0x00000000a9000000, 0x00000000a9000000|100%| O|  |TAMS 0x00000000a9000000, 0x00000000a9000000| Untracked 
| 144|0x00000000a9000000, 0x00000000a9100000, 0x00000000a9100000|100%| O|  |TAMS 0x00000000a9100000, 0x00000000a9100000| Untracked 
| 145|0x00000000a9100000, 0x00000000a9200000, 0x00000000a9200000|100%| O|  |TAMS 0x00000000a9200000, 0x00000000a9200000| Untracked 
| 146|0x00000000a9200000, 0x00000000a9300000, 0x00000000a9300000|100%| O|  |TAMS 0x00000000a9300000, 0x00000000a9300000| Untracked 
| 147|0x00000000a9300000, 0x00000000a9400000, 0x00000000a9400000|100%|HS|  |TAMS 0x00000000a9400000, 0x00000000a9400000| Complete 
| 148|0x00000000a9400000, 0x00000000a9500000, 0x00000000a9500000|100%| O|  |TAMS 0x00000000a9500000, 0x00000000a9500000| Untracked 
| 149|0x00000000a9500000, 0x00000000a9600000, 0x00000000a9600000|100%| O|  |TAMS 0x00000000a9600000, 0x00000000a9600000| Untracked 
| 150|0x00000000a9600000, 0x00000000a9700000, 0x00000000a9700000|100%| O|  |TAMS 0x00000000a9700000, 0x00000000a9700000| Untracked 
| 151|0x00000000a9700000, 0x00000000a9800000, 0x00000000a9800000|100%| O|  |TAMS 0x00000000a9700000, 0x00000000a9700000| Untracked 
| 152|0x00000000a9800000, 0x00000000a9900000, 0x00000000a9900000|100%| O|  |TAMS 0x00000000a9900000, 0x00000000a9900000| Untracked 
| 153|0x00000000a9900000, 0x00000000a9a00000, 0x00000000a9a00000|100%| O|  |TAMS 0x00000000a9a00000, 0x00000000a9a00000| Untracked 
| 154|0x00000000a9a00000, 0x00000000a9b00000, 0x00000000a9b00000|100%| O|  |TAMS 0x00000000a9b00000, 0x00000000a9b00000| Untracked 
| 155|0x00000000a9b00000, 0x00000000a9c00000, 0x00000000a9c00000|100%| O|  |TAMS 0x00000000a9c00000, 0x00000000a9c00000| Untracked 
| 156|0x00000000a9c00000, 0x00000000a9d00000, 0x00000000a9d00000|100%| O|  |TAMS 0x00000000a9d00000, 0x00000000a9d00000| Untracked 
| 157|0x00000000a9d00000, 0x00000000a9e00000, 0x00000000a9e00000|100%| O|  |TAMS 0x00000000a9e00000, 0x00000000a9e00000| Untracked 
| 158|0x00000000a9e00000, 0x00000000a9f00000, 0x00000000a9f00000|100%| O|  |TAMS 0x00000000a9f00000, 0x00000000a9f00000| Untracked 
| 159|0x00000000a9f00000, 0x00000000aa000000, 0x00000000aa000000|100%| O|  |TAMS 0x00000000aa000000, 0x00000000aa000000| Untracked 
| 160|0x00000000aa000000, 0x00000000aa100000, 0x00000000aa100000|100%| O|  |TAMS 0x00000000aa100000, 0x00000000aa100000| Untracked 
| 161|0x00000000aa100000, 0x00000000aa200000, 0x00000000aa200000|100%| O|  |TAMS 0x00000000aa200000, 0x00000000aa200000| Untracked 
| 162|0x00000000aa200000, 0x00000000aa300000, 0x00000000aa300000|100%| O|  |TAMS 0x00000000aa300000, 0x00000000aa300000| Untracked 
| 163|0x00000000aa300000, 0x00000000aa400000, 0x00000000aa400000|100%| O|  |TAMS 0x00000000aa400000, 0x00000000aa400000| Untracked 
| 164|0x00000000aa400000, 0x00000000aa500000, 0x00000000aa500000|100%| O|  |TAMS 0x00000000aa500000, 0x00000000aa500000| Untracked 
| 165|0x00000000aa500000, 0x00000000aa600000, 0x00000000aa600000|100%| O|  |TAMS 0x00000000aa600000, 0x00000000aa600000| Untracked 
| 166|0x00000000aa600000, 0x00000000aa700000, 0x00000000aa700000|100%| O|  |TAMS 0x00000000aa6e2800, 0x00000000aa700000| Untracked 
| 167|0x00000000aa700000, 0x00000000aa800000, 0x00000000aa800000|100%| O|  |TAMS 0x00000000aa700000, 0x00000000aa800000| Untracked 
| 168|0x00000000aa800000, 0x00000000aa900000, 0x00000000aa900000|100%| O|  |TAMS 0x00000000aa800000, 0x00000000aa900000| Untracked 
| 169|0x00000000aa900000, 0x00000000aaa00000, 0x00000000aaa00000|100%| O|  |TAMS 0x00000000aa900000, 0x00000000aaa00000| Untracked 
| 170|0x00000000aaa00000, 0x00000000aab00000, 0x00000000aab00000|100%| O|  |TAMS 0x00000000aaa00000, 0x00000000aab00000| Untracked 
| 171|0x00000000aab00000, 0x00000000aac00000, 0x00000000aac00000|100%| O|  |TAMS 0x00000000aab00000, 0x00000000aac00000| Untracked 
| 172|0x00000000aac00000, 0x00000000aad00000, 0x00000000aad00000|100%| O|  |TAMS 0x00000000aac00000, 0x00000000aad00000| Untracked 
| 173|0x00000000aad00000, 0x00000000aae00000, 0x00000000aae00000|100%| O|  |TAMS 0x00000000aad00000, 0x00000000aae00000| Untracked 
| 174|0x00000000aae00000, 0x00000000aaf00000, 0x00000000aaf00000|100%| O|  |TAMS 0x00000000aae00000, 0x00000000aaf00000| Untracked 
| 175|0x00000000aaf00000, 0x00000000ab000000, 0x00000000ab000000|100%| O|  |TAMS 0x00000000aaf00000, 0x00000000ab000000| Untracked 
| 176|0x00000000ab000000, 0x00000000ab100000, 0x00000000ab100000|100%| O|  |TAMS 0x00000000ab000000, 0x00000000ab100000| Untracked 
| 177|0x00000000ab100000, 0x00000000ab200000, 0x00000000ab200000|100%| O|  |TAMS 0x00000000ab100000, 0x00000000ab200000| Untracked 
| 178|0x00000000ab200000, 0x00000000ab300000, 0x00000000ab300000|100%|HS|  |TAMS 0x00000000ab200000, 0x00000000ab300000| Complete 
| 179|0x00000000ab300000, 0x00000000ab400000, 0x00000000ab400000|100%| O|  |TAMS 0x00000000ab300000, 0x00000000ab400000| Untracked 
| 180|0x00000000ab400000, 0x00000000ab500000, 0x00000000ab500000|100%| O|  |TAMS 0x00000000ab400000, 0x00000000ab500000| Untracked 
| 181|0x00000000ab500000, 0x00000000ab600000, 0x00000000ab600000|100%| O|  |TAMS 0x00000000ab500000, 0x00000000ab600000| Untracked 
| 182|0x00000000ab600000, 0x00000000ab700000, 0x00000000ab700000|100%| O|  |TAMS 0x00000000ab600000, 0x00000000ab700000| Untracked 
| 183|0x00000000ab700000, 0x00000000ab800000, 0x00000000ab800000|100%| O|  |TAMS 0x00000000ab700000, 0x00000000ab800000| Untracked 
| 184|0x00000000ab800000, 0x00000000ab900000, 0x00000000ab900000|100%| O|  |TAMS 0x00000000ab800000, 0x00000000ab900000| Untracked 
| 185|0x00000000ab900000, 0x00000000aba00000, 0x00000000aba00000|100%| O|  |TAMS 0x00000000ab900000, 0x00000000aba00000| Untracked 
| 186|0x00000000aba00000, 0x00000000abb00000, 0x00000000abb00000|100%| O|  |TAMS 0x00000000aba00000, 0x00000000abb00000| Untracked 
| 187|0x00000000abb00000, 0x00000000abc00000, 0x00000000abc00000|100%| O|  |TAMS 0x00000000abb00000, 0x00000000abc00000| Untracked 
| 188|0x00000000abc00000, 0x00000000abd00000, 0x00000000abd00000|100%| O|  |TAMS 0x00000000abc00000, 0x00000000abd00000| Untracked 
| 189|0x00000000abd00000, 0x00000000abe00000, 0x00000000abe00000|100%| O|  |TAMS 0x00000000abd00000, 0x00000000abe00000| Untracked 
| 190|0x00000000abe00000, 0x00000000abf00000, 0x00000000abf00000|100%| O|  |TAMS 0x00000000abf00000, 0x00000000abf00000| Untracked 
| 191|0x00000000abf00000, 0x00000000ac000000, 0x00000000ac000000|100%|HS|  |TAMS 0x00000000abf00000, 0x00000000ac000000| Complete 
| 192|0x00000000ac000000, 0x00000000ac100000, 0x00000000ac100000|100%|HS|  |TAMS 0x00000000ac000000, 0x00000000ac100000| Complete 
| 193|0x00000000ac100000, 0x00000000ac200000, 0x00000000ac200000|100%| O|  |TAMS 0x00000000ac100000, 0x00000000ac200000| Untracked 
| 194|0x00000000ac200000, 0x00000000ac300000, 0x00000000ac300000|100%| O|  |TAMS 0x00000000ac200000, 0x00000000ac300000| Untracked 
| 195|0x00000000ac300000, 0x00000000ac400000, 0x00000000ac400000|100%| O|  |TAMS 0x00000000ac300000, 0x00000000ac400000| Untracked 
| 196|0x00000000ac400000, 0x00000000ac500000, 0x00000000ac500000|100%| O|  |TAMS 0x00000000ac400000, 0x00000000ac500000| Untracked 
| 197|0x00000000ac500000, 0x00000000ac600000, 0x00000000ac600000|100%| O|  |TAMS 0x00000000ac500000, 0x00000000ac600000| Untracked 
| 198|0x00000000ac600000, 0x00000000ac700000, 0x00000000ac700000|100%|HS|  |TAMS 0x00000000ac600000, 0x00000000ac700000| Complete 
| 199|0x00000000ac700000, 0x00000000ac800000, 0x00000000ac800000|100%| O|  |TAMS 0x00000000ac700000, 0x00000000ac800000| Untracked 
| 200|0x00000000ac800000, 0x00000000ac900000, 0x00000000ac900000|100%| O|  |TAMS 0x00000000ac800000, 0x00000000ac900000| Untracked 
| 201|0x00000000ac900000, 0x00000000aca00000, 0x00000000aca00000|100%| O|  |TAMS 0x00000000ac900000, 0x00000000aca00000| Untracked 
| 202|0x00000000aca00000, 0x00000000acb00000, 0x00000000acb00000|100%| O|  |TAMS 0x00000000aca00000, 0x00000000acb00000| Untracked 
| 203|0x00000000acb00000, 0x00000000acc00000, 0x00000000acc00000|100%| O|  |TAMS 0x00000000acb00000, 0x00000000acc00000| Untracked 
| 204|0x00000000acc00000, 0x00000000acd00000, 0x00000000acd00000|100%| O|  |TAMS 0x00000000acc00000, 0x00000000acd00000| Untracked 
| 205|0x00000000acd00000, 0x00000000ace00000, 0x00000000ace00000|100%| O|  |TAMS 0x00000000acd00000, 0x00000000ace00000| Untracked 
| 206|0x00000000ace00000, 0x00000000acf00000, 0x00000000acf00000|100%| O|  |TAMS 0x00000000ace00000, 0x00000000acf00000| Untracked 
| 207|0x00000000acf00000, 0x00000000ad000000, 0x00000000ad000000|100%| O|  |TAMS 0x00000000acf00000, 0x00000000ad000000| Untracked 
| 208|0x00000000ad000000, 0x00000000ad100000, 0x00000000ad100000|100%| O|  |TAMS 0x00000000ad000000, 0x00000000ad100000| Untracked 
| 209|0x00000000ad100000, 0x00000000ad200000, 0x00000000ad200000|100%| O|  |TAMS 0x00000000ad100000, 0x00000000ad200000| Untracked 
| 210|0x00000000ad200000, 0x00000000ad300000, 0x00000000ad300000|100%| O|  |TAMS 0x00000000ad200000, 0x00000000ad300000| Untracked 
| 211|0x00000000ad300000, 0x00000000ad400000, 0x00000000ad400000|100%| O|  |TAMS 0x00000000ad300000, 0x00000000ad400000| Untracked 
| 212|0x00000000ad400000, 0x00000000ad500000, 0x00000000ad500000|100%| O|  |TAMS 0x00000000ad400000, 0x00000000ad500000| Untracked 
| 213|0x00000000ad500000, 0x00000000ad600000, 0x00000000ad600000|100%| O|  |TAMS 0x00000000ad500000, 0x00000000ad600000| Untracked 
| 214|0x00000000ad600000, 0x00000000ad700000, 0x00000000ad700000|100%| O|  |TAMS 0x00000000ad600000, 0x00000000ad700000| Untracked 
| 215|0x00000000ad700000, 0x00000000ad800000, 0x00000000ad800000|100%| O|  |TAMS 0x00000000ad700000, 0x00000000ad800000| Untracked 
| 216|0x00000000ad800000, 0x00000000ad900000, 0x00000000ad900000|100%| O|  |TAMS 0x00000000ad800000, 0x00000000ad900000| Untracked 
| 217|0x00000000ad900000, 0x00000000ada00000, 0x00000000ada00000|100%| O|  |TAMS 0x00000000ad900000, 0x00000000ada00000| Untracked 
| 218|0x00000000ada00000, 0x00000000adb00000, 0x00000000adb00000|100%| O|  |TAMS 0x00000000ada00000, 0x00000000adb00000| Untracked 
| 219|0x00000000adb00000, 0x00000000adc00000, 0x00000000adc00000|100%| O|  |TAMS 0x00000000adb00000, 0x00000000adc00000| Untracked 
| 220|0x00000000adc00000, 0x00000000add00000, 0x00000000add00000|100%| O|  |TAMS 0x00000000adc00000, 0x00000000add00000| Untracked 
| 221|0x00000000add00000, 0x00000000ade00000, 0x00000000ade00000|100%| O|  |TAMS 0x00000000add00000, 0x00000000ade00000| Untracked 
| 222|0x00000000ade00000, 0x00000000adf00000, 0x00000000adf00000|100%| O|  |TAMS 0x00000000ade00000, 0x00000000adf00000| Untracked 
| 223|0x00000000adf00000, 0x00000000ae000000, 0x00000000ae000000|100%| O|  |TAMS 0x00000000adf00000, 0x00000000ae000000| Untracked 
| 224|0x00000000ae000000, 0x00000000ae100000, 0x00000000ae100000|100%| O|  |TAMS 0x00000000ae000000, 0x00000000ae100000| Untracked 
| 225|0x00000000ae100000, 0x00000000ae200000, 0x00000000ae200000|100%| O|  |TAMS 0x00000000ae100000, 0x00000000ae200000| Untracked 
| 226|0x00000000ae200000, 0x00000000ae300000, 0x00000000ae300000|100%| O|  |TAMS 0x00000000ae200000, 0x00000000ae300000| Untracked 
| 227|0x00000000ae300000, 0x00000000ae400000, 0x00000000ae400000|100%| O|  |TAMS 0x00000000ae300000, 0x00000000ae400000| Untracked 
| 228|0x00000000ae400000, 0x00000000ae500000, 0x00000000ae500000|100%| O|  |TAMS 0x00000000ae400000, 0x00000000ae400000| Untracked 
| 229|0x00000000ae500000, 0x00000000ae600000, 0x00000000ae600000|100%| O|  |TAMS 0x00000000ae500000, 0x00000000ae500000| Untracked 
| 230|0x00000000ae600000, 0x00000000ae700000, 0x00000000ae700000|100%| O|  |TAMS 0x00000000ae600000, 0x00000000ae600000| Untracked 
| 231|0x00000000ae700000, 0x00000000ae800000, 0x00000000ae800000|100%| O|  |TAMS 0x00000000ae700000, 0x00000000ae700000| Untracked 
| 232|0x00000000ae800000, 0x00000000ae900000, 0x00000000ae900000|100%| O|  |TAMS 0x00000000ae800000, 0x00000000ae800000| Untracked 
| 233|0x00000000ae900000, 0x00000000aea00000, 0x00000000aea00000|100%| O|  |TAMS 0x00000000ae900000, 0x00000000ae900000| Untracked 
| 234|0x00000000aea00000, 0x00000000aeb00000, 0x00000000aeb00000|100%| O|  |TAMS 0x00000000aea00000, 0x00000000aea00000| Untracked 
| 235|0x00000000aeb00000, 0x00000000aec00000, 0x00000000aec00000|100%| O|  |TAMS 0x00000000aeb00000, 0x00000000aeb00000| Untracked 
| 236|0x00000000aec00000, 0x00000000aec00000, 0x00000000aed00000|  0%| F|  |TAMS 0x00000000aec00000, 0x00000000aec00000| Untracked 
| 237|0x00000000aed00000, 0x00000000aed00000, 0x00000000aee00000|  0%| F|  |TAMS 0x00000000aed00000, 0x00000000aed00000| Untracked 
| 238|0x00000000aee00000, 0x00000000aee00000, 0x00000000aef00000|  0%| F|  |TAMS 0x00000000aee00000, 0x00000000aee00000| Untracked 
| 239|0x00000000aef00000, 0x00000000aef00000, 0x00000000af000000|  0%| F|  |TAMS 0x00000000aef00000, 0x00000000aef00000| Untracked 
| 240|0x00000000af000000, 0x00000000af000000, 0x00000000af100000|  0%| F|  |TAMS 0x00000000af000000, 0x00000000af000000| Untracked 
| 241|0x00000000af100000, 0x00000000af100000, 0x00000000af200000|  0%| F|  |TAMS 0x00000000af100000, 0x00000000af100000| Untracked 
| 242|0x00000000af200000, 0x00000000af200000, 0x00000000af300000|  0%| F|  |TAMS 0x00000000af200000, 0x00000000af200000| Untracked 
| 243|0x00000000af300000, 0x00000000af300000, 0x00000000af400000|  0%| F|  |TAMS 0x00000000af300000, 0x00000000af300000| Untracked 
| 244|0x00000000af400000, 0x00000000af400000, 0x00000000af500000|  0%| F|  |TAMS 0x00000000af400000, 0x00000000af400000| Untracked 
| 245|0x00000000af500000, 0x00000000af500000, 0x00000000af600000|  0%| F|  |TAMS 0x00000000af500000, 0x00000000af500000| Untracked 
| 246|0x00000000af600000, 0x00000000af600000, 0x00000000af700000|  0%| F|  |TAMS 0x00000000af600000, 0x00000000af600000| Untracked 
| 247|0x00000000af700000, 0x00000000af700000, 0x00000000af800000|  0%| F|  |TAMS 0x00000000af700000, 0x00000000af700000| Untracked 
| 248|0x00000000af800000, 0x00000000af800000, 0x00000000af900000|  0%| F|  |TAMS 0x00000000af800000, 0x00000000af800000| Untracked 
| 249|0x00000000af900000, 0x00000000af900000, 0x00000000afa00000|  0%| F|  |TAMS 0x00000000af900000, 0x00000000af900000| Untracked 
| 250|0x00000000afa00000, 0x00000000afa00000, 0x00000000afb00000|  0%| F|  |TAMS 0x00000000afa00000, 0x00000000afa00000| Untracked 
| 251|0x00000000afb00000, 0x00000000afb00000, 0x00000000afc00000|  0%| F|  |TAMS 0x00000000afb00000, 0x00000000afb00000| Untracked 
| 252|0x00000000afc00000, 0x00000000afc00000, 0x00000000afd00000|  0%| F|  |TAMS 0x00000000afc00000, 0x00000000afc00000| Untracked 
| 253|0x00000000afd00000, 0x00000000afd00000, 0x00000000afe00000|  0%| F|  |TAMS 0x00000000afd00000, 0x00000000afd00000| Untracked 
| 254|0x00000000afe00000, 0x00000000afe00000, 0x00000000aff00000|  0%| F|  |TAMS 0x00000000afe00000, 0x00000000afe00000| Untracked 
| 255|0x00000000aff00000, 0x00000000aff00000, 0x00000000b0000000|  0%| F|  |TAMS 0x00000000aff00000, 0x00000000aff00000| Untracked 
| 256|0x00000000b0000000, 0x00000000b0000000, 0x00000000b0100000|  0%| F|  |TAMS 0x00000000b0000000, 0x00000000b0000000| Untracked 
| 257|0x00000000b0100000, 0x00000000b0100000, 0x00000000b0200000|  0%| F|  |TAMS 0x00000000b0100000, 0x00000000b0100000| Untracked 
| 258|0x00000000b0200000, 0x00000000b0200000, 0x00000000b0300000|  0%| F|  |TAMS 0x00000000b0200000, 0x00000000b0200000| Untracked 
| 259|0x00000000b0300000, 0x00000000b0300000, 0x00000000b0400000|  0%| F|  |TAMS 0x00000000b0300000, 0x00000000b0300000| Untracked 
| 260|0x00000000b0400000, 0x00000000b0400000, 0x00000000b0500000|  0%| F|  |TAMS 0x00000000b0400000, 0x00000000b0400000| Untracked 
| 261|0x00000000b0500000, 0x00000000b0500000, 0x00000000b0600000|  0%| F|  |TAMS 0x00000000b0500000, 0x00000000b0500000| Untracked 
| 262|0x00000000b0600000, 0x00000000b0600000, 0x00000000b0700000|  0%| F|  |TAMS 0x00000000b0600000, 0x00000000b0600000| Untracked 
| 263|0x00000000b0700000, 0x00000000b0700000, 0x00000000b0800000|  0%| F|  |TAMS 0x00000000b0700000, 0x00000000b0700000| Untracked 
| 264|0x00000000b0800000, 0x00000000b0800000, 0x00000000b0900000|  0%| F|  |TAMS 0x00000000b0800000, 0x00000000b0800000| Untracked 
| 265|0x00000000b0900000, 0x00000000b0900000, 0x00000000b0a00000|  0%| F|  |TAMS 0x00000000b0900000, 0x00000000b0900000| Untracked 
| 266|0x00000000b0a00000, 0x00000000b0a00000, 0x00000000b0b00000|  0%| F|  |TAMS 0x00000000b0a00000, 0x00000000b0a00000| Untracked 
| 267|0x00000000b0b00000, 0x00000000b0b00000, 0x00000000b0c00000|  0%| F|  |TAMS 0x00000000b0b00000, 0x00000000b0b00000| Untracked 
| 268|0x00000000b0c00000, 0x00000000b0c00000, 0x00000000b0d00000|  0%| F|  |TAMS 0x00000000b0c00000, 0x00000000b0c00000| Untracked 
| 269|0x00000000b0d00000, 0x00000000b0d00000, 0x00000000b0e00000|  0%| F|  |TAMS 0x00000000b0d00000, 0x00000000b0d00000| Untracked 
| 270|0x00000000b0e00000, 0x00000000b0e00000, 0x00000000b0f00000|  0%| F|  |TAMS 0x00000000b0e00000, 0x00000000b0e00000| Untracked 
| 271|0x00000000b0f00000, 0x00000000b0f00000, 0x00000000b1000000|  0%| F|  |TAMS 0x00000000b0f00000, 0x00000000b0f00000| Untracked 
| 272|0x00000000b1000000, 0x00000000b1100000, 0x00000000b1100000|100%| S|CS|TAMS 0x00000000b1000000, 0x00000000b1000000| Complete 
| 273|0x00000000b1100000, 0x00000000b1200000, 0x00000000b1200000|100%| S|CS|TAMS 0x00000000b1100000, 0x00000000b1100000| Complete 
| 274|0x00000000b1200000, 0x00000000b1200000, 0x00000000b1300000|  0%| F|  |TAMS 0x00000000b1200000, 0x00000000b1200000| Untracked 
| 275|0x00000000b1300000, 0x00000000b1300000, 0x00000000b1400000|  0%| F|  |TAMS 0x00000000b1300000, 0x00000000b1300000| Untracked 
| 276|0x00000000b1400000, 0x00000000b1400000, 0x00000000b1500000|  0%| F|  |TAMS 0x00000000b1400000, 0x00000000b1400000| Untracked 
| 277|0x00000000b1500000, 0x00000000b1500000, 0x00000000b1600000|  0%| F|  |TAMS 0x00000000b1500000, 0x00000000b1500000| Untracked 
| 278|0x00000000b1600000, 0x00000000b1600000, 0x00000000b1700000|  0%| F|  |TAMS 0x00000000b1600000, 0x00000000b1600000| Untracked 
| 279|0x00000000b1700000, 0x00000000b1700000, 0x00000000b1800000|  0%| F|  |TAMS 0x00000000b1700000, 0x00000000b1700000| Untracked 
| 280|0x00000000b1800000, 0x00000000b1800000, 0x00000000b1900000|  0%| F|  |TAMS 0x00000000b1800000, 0x00000000b1800000| Untracked 
| 281|0x00000000b1900000, 0x00000000b1900000, 0x00000000b1a00000|  0%| F|  |TAMS 0x00000000b1900000, 0x00000000b1900000| Untracked 
| 282|0x00000000b1a00000, 0x00000000b1a00000, 0x00000000b1b00000|  0%| F|  |TAMS 0x00000000b1a00000, 0x00000000b1a00000| Untracked 
| 283|0x00000000b1b00000, 0x00000000b1b00000, 0x00000000b1c00000|  0%| F|  |TAMS 0x00000000b1b00000, 0x00000000b1b00000| Untracked 
| 284|0x00000000b1c00000, 0x00000000b1c00000, 0x00000000b1d00000|  0%| F|  |TAMS 0x00000000b1c00000, 0x00000000b1c00000| Untracked 

Card table byte_map: [0x00000141c4680000,0x00000141c4980000] _byte_map_base: 0x00000141c4180000

Marking Bits (Prev, Next): (CMBitMap*) 0x00000141b1561470, (CMBitMap*) 0x00000141b1561438
 Prev Bits: [0x00000141c6480000, 0x00000141c7c80000)
 Next Bits: [0x00000141c4c80000, 0x00000141c6480000)

Polling page: 0x00000141b0d00000

Metaspace:

Usage:
  Non-class:     88.97 MB capacity,    87.27 MB ( 98%) used,     1.41 MB (  2%) free+waste,   295.25 KB ( <1%) overhead. 
      Class:     13.26 MB capacity,    12.34 MB ( 93%) used,   812.97 KB (  6%) free+waste,   129.62 KB ( <1%) overhead. 
       Both:    102.22 MB capacity,    99.60 MB ( 97%) used,     2.21 MB (  2%) free+waste,   424.88 KB ( <1%) overhead. 

Virtual space:
  Non-class space:       90.00 MB reserved,      89.76 MB (>99%) committed 
      Class space:        1.00 GB reserved,      13.75 MB (  1%) committed 
             Both:        1.09 GB reserved,     103.51 MB (  9%) committed 

Chunk freelists:
   Non-Class:  617.00 KB
       Class:  441.00 KB
        Both:  1.03 MB

MaxMetaspaceSize: 17179869184.00 GB
CompressedClassSpaceSize: 1.00 GB
Initial GC threshold: 20.80 MB
Current GC threshold: 172.10 MB
CDS: off

CodeHeap 'non-profiled nmethods': size=120000Kb used=10655Kb max_used=10655Kb free=109344Kb
 bounds [0x00000141bcb20000, 0x00000141bd590000, 0x00000141c4050000]
CodeHeap 'profiled nmethods': size=120000Kb used=37977Kb max_used=37977Kb free=82022Kb
 bounds [0x00000141b55f0000, 0x00000141b7b10000, 0x00000141bcb20000]
CodeHeap 'non-nmethods': size=5760Kb used=2382Kb max_used=2427Kb free=3377Kb
 bounds [0x00000141b5050000, 0x00000141b52c0000, 0x00000141b55f0000]
 total_blobs=18092 nmethods=17183 adapters=820
 compilation: enabled
              stopped_count=0, restarted_count=0
 full_count=0

Compilation events (20 events):
Event: 993.745 Thread 0x00000141ca6f8000 17835       2       com.android.tools.r8.dex.a$a$$Lambda$1767/0x0000000100d86840::run (16 bytes)
Event: 993.745 Thread 0x00000141ca6f8000 nmethod 17835 0x00000141b7b03110 code [0x00000141b7b03300, 0x00000141b7b036d0]
Event: 993.745 Thread 0x00000141ca6f8000 17836       2       com.android.tools.r8.dex.a$a::a (20 bytes)
Event: 993.746 Thread 0x00000141ca6f8000 nmethod 17836 0x00000141b7b03910 code [0x00000141b7b03ae0, 0x00000141b7b03e70]
Event: 993.746 Thread 0x00000141ca6f8000 17839       2       com.android.tools.r8.code.J0::<init> (28 bytes)
Event: 993.746 Thread 0x00000141ca6f8000 nmethod 17839 0x00000141b7b04090 code [0x00000141b7b04260, 0x00000141b7b04490]
Event: 993.746 Thread 0x00000141ca6f8000 17840       2       com.android.tools.r8.code.t1::f (9 bytes)
Event: 993.746 Thread 0x00000141ca6f8000 nmethod 17840 0x00000141b7b04690 code [0x00000141b7b04840, 0x00000141b7b04960]
Event: 993.746 Thread 0x00000141ca6f8000 17837       2       com.android.tools.r8.dex.a$a$$Lambda$1768/0x0000000100d86c40::get$Lambda (9 bytes)
Event: 993.747 Thread 0x00000141ca6f8000 nmethod 17837 0x00000141b7b04a90 code [0x00000141b7b04c40, 0x00000141b7b04db0]
Event: 993.747 Thread 0x00000141ca6f8000 17838       2       com.android.tools.r8.dex.a$a$$Lambda$1768/0x0000000100d86c40::<init> (10 bytes)
Event: 993.747 Thread 0x00000141ca6f8000 nmethod 17838 0x00000141b7b04e90 code [0x00000141b7b05040, 0x00000141b7b05170]
Event: 993.749 Thread 0x00000141ca6f8000 17841       2       com.android.tools.r8.code.r2::<init> (7 bytes)
Event: 993.750 Thread 0x00000141ca6f8000 nmethod 17841 0x00000141b7b05210 code [0x00000141b7b053e0, 0x00000141b7b05610]
Event: 993.750 Thread 0x00000141ca6f8000 17842       2       com.android.tools.r8.code.d1::<init> (7 bytes)
Event: 993.750 Thread 0x00000141ca6f8000 nmethod 17842 0x00000141b7b05810 code [0x00000141b7b059e0, 0x00000141b7b05ba0]
Event: 993.755 Thread 0x00000141ca6f8000 17843       2       com.android.tools.r8.code.L0::hashCode (28 bytes)
Event: 993.755 Thread 0x00000141ca6f8000 nmethod 17843 0x00000141b7b05d10 code [0x00000141b7b05ec0, 0x00000141b7b06000]
Event: 993.755 Thread 0x00000141ca6f8000 17844       2       com.android.tools.r8.code.L0::<init> (34 bytes)
Event: 993.756 Thread 0x00000141ca6f8000 nmethod 17844 0x00000141b7b06090 code [0x00000141b7b06260, 0x00000141b7b06420]

GC Heap History (20 events):
Event: 992.960 GC heap after
{Heap after GC invocations=90 (full 0):
 garbage-first heap   total 242688K, used 186438K [0x00000000a0000000, 0x0000000100000000)
  region size 1024K, 4 young (4096K), 4 survivors (4096K)
 Metaspace       used 102307K, capacity 105328K, committed 105480K, reserved 1140736K
  class space    used 12859K, capacity 13988K, committed 14080K, reserved 1048576K
}
Event: 993.034 GC heap before
{Heap before GC invocations=90 (full 0):
 garbage-first heap   total 242688K, used 202822K [0x00000000a0000000, 0x0000000100000000)
  region size 1024K, 20 young (20480K), 4 survivors (4096K)
 Metaspace       used 102383K, capacity 105398K, committed 105736K, reserved 1140736K
  class space    used 12859K, capacity 13988K, committed 14080K, reserved 1048576K
}
Event: 993.043 GC heap after
{Heap after GC invocations=91 (full 0):
 garbage-first heap   total 242688K, used 192965K [0x00000000a0000000, 0x0000000100000000)
  region size 1024K, 3 young (3072K), 3 survivors (3072K)
 Metaspace       used 102383K, capacity 105398K, committed 105736K, reserved 1140736K
  class space    used 12859K, capacity 13988K, committed 14080K, reserved 1048576K
}
Event: 993.121 GC heap before
{Heap before GC invocations=91 (full 0):
 garbage-first heap   total 242688K, used 206277K [0x00000000a0000000, 0x0000000100000000)
  region size 1024K, 16 young (16384K), 3 survivors (3072K)
 Metaspace       used 102392K, capacity 105399K, committed 105736K, reserved 1140736K
  class space    used 12859K, capacity 13988K, committed 14080K, reserved 1048576K
}
Event: 993.130 GC heap after
{Heap after GC invocations=92 (full 0):
 garbage-first heap   total 242688K, used 197432K [0x00000000a0000000, 0x0000000100000000)
  region size 1024K, 2 young (2048K), 2 survivors (2048K)
 Metaspace       used 102392K, capacity 105399K, committed 105736K, reserved 1140736K
  class space    used 12859K, capacity 13988K, committed 14080K, reserved 1048576K
}
Event: 993.186 GC heap before
{Heap before GC invocations=92 (full 0):
 garbage-first heap   total 242688K, used 209720K [0x00000000a0000000, 0x0000000100000000)
  region size 1024K, 13 young (13312K), 2 survivors (2048K)
 Metaspace       used 102398K, capacity 105400K, committed 105736K, reserved 1140736K
  class space    used 12859K, capacity 13988K, committed 14080K, reserved 1048576K
}
Event: 993.194 GC heap after
{Heap after GC invocations=93 (full 0):
 garbage-first heap   total 242688K, used 203888K [0x00000000a0000000, 0x0000000100000000)
  region size 1024K, 2 young (2048K), 2 survivors (2048K)
 Metaspace       used 102398K, capacity 105400K, committed 105736K, reserved 1140736K
  class space    used 12859K, capacity 13988K, committed 14080K, reserved 1048576K
}
Event: 993.224 GC heap before
{Heap before GC invocations=93 (full 0):
 garbage-first heap   total 242688K, used 213104K [0x00000000a0000000, 0x0000000100000000)
  region size 1024K, 11 young (11264K), 2 survivors (2048K)
 Metaspace       used 102409K, capacity 105402K, committed 105736K, reserved 1140736K
  class space    used 12859K, capacity 13988K, committed 14080K, reserved 1048576K
}
Event: 993.230 GC heap after
{Heap after GC invocations=94 (full 0):
 garbage-first heap   total 242688K, used 207240K [0x00000000a0000000, 0x0000000100000000)
  region size 1024K, 2 young (2048K), 2 survivors (2048K)
 Metaspace       used 102409K, capacity 105402K, committed 105736K, reserved 1140736K
  class space    used 12859K, capacity 13988K, committed 14080K, reserved 1048576K
}
Event: 993.393 GC heap before
{Heap before GC invocations=94 (full 0):
 garbage-first heap   total 242688K, used 217480K [0x00000000a0000000, 0x0000000100000000)
  region size 1024K, 11 young (11264K), 2 survivors (2048K)
 Metaspace       used 101761K, capacity 104412K, committed 105736K, reserved 1140736K
  class space    used 12631K, capacity 13575K, committed 14080K, reserved 1048576K
}
Event: 993.403 GC heap after
{Heap after GC invocations=95 (full 0):
 garbage-first heap   total 291840K, used 210572K [0x00000000a0000000, 0x0000000100000000)
  region size 1024K, 2 young (2048K), 2 survivors (2048K)
 Metaspace       used 101761K, capacity 104412K, committed 105736K, reserved 1140736K
  class space    used 12631K, capacity 13575K, committed 14080K, reserved 1048576K
}
Event: 993.566 GC heap before
{Heap before GC invocations=96 (full 0):
 garbage-first heap   total 291840K, used 236172K [0x00000000a0000000, 0x0000000100000000)
  region size 1024K, 28 young (28672K), 2 survivors (2048K)
 Metaspace       used 101930K, capacity 104671K, committed 105992K, reserved 1140736K
  class space    used 12632K, capacity 13575K, committed 14080K, reserved 1048576K
}
Event: 993.584 GC heap after
{Heap after GC invocations=97 (full 0):
 garbage-first heap   total 291840K, used 224150K [0x00000000a0000000, 0x0000000100000000)
  region size 1024K, 4 young (4096K), 4 survivors (4096K)
 Metaspace       used 101930K, capacity 104671K, committed 105992K, reserved 1140736K
  class space    used 12632K, capacity 13575K, committed 14080K, reserved 1048576K
}
Event: 993.610 GC heap before
{Heap before GC invocations=97 (full 0):
 garbage-first heap   total 291840K, used 234390K [0x00000000a0000000, 0x0000000100000000)
  region size 1024K, 14 young (14336K), 4 survivors (4096K)
 Metaspace       used 101946K, capacity 104675K, committed 105992K, reserved 1140736K
  class space    used 12632K, capacity 13575K, committed 14080K, reserved 1048576K
}
Event: 993.638 GC heap after
{Heap after GC invocations=98 (full 0):
 garbage-first heap   total 291840K, used 214288K [0x00000000a0000000, 0x0000000100000000)
  region size 1024K, 2 young (2048K), 2 survivors (2048K)
 Metaspace       used 101946K, capacity 104675K, committed 105992K, reserved 1140736K
  class space    used 12632K, capacity 13575K, committed 14080K, reserved 1048576K
}
Event: 993.675 GC heap before
{Heap before GC invocations=98 (full 0):
 garbage-first heap   total 291840K, used 235792K [0x00000000a0000000, 0x0000000100000000)
  region size 1024K, 23 young (23552K), 2 survivors (2048K)
 Metaspace       used 101973K, capacity 104675K, committed 105992K, reserved 1140736K
  class space    used 12632K, capacity 13575K, committed 14080K, reserved 1048576K
}
Event: 993.691 GC heap after
{Heap after GC invocations=99 (full 0):
 garbage-first heap   total 291840K, used 227608K [0x00000000a0000000, 0x0000000100000000)
  region size 1024K, 3 young (3072K), 3 survivors (3072K)
 Metaspace       used 101973K, capacity 104675K, committed 105992K, reserved 1140736K
  class space    used 12632K, capacity 13575K, committed 14080K, reserved 1048576K
}
Event: 993.724 GC heap before
{Heap before GC invocations=99 (full 0):
 garbage-first heap   total 291840K, used 240920K [0x00000000a0000000, 0x0000000100000000)
  region size 1024K, 17 young (17408K), 3 survivors (3072K)
 Metaspace       used 101988K, capacity 104676K, committed 105992K, reserved 1140736K
  class space    used 12632K, capacity 13575K, committed 14080K, reserved 1048576K
}
Event: 993.734 GC heap after
{Heap after GC invocations=100 (full 0):
 garbage-first heap   total 291840K, used 236544K [0x00000000a0000000, 0x0000000100000000)
  region size 1024K, 3 young (3072K), 3 survivors (3072K)
 Metaspace       used 101988K, capacity 104676K, committed 105992K, reserved 1140736K
  class space    used 12632K, capacity 13575K, committed 14080K, reserved 1048576K
}
Event: 993.758 GC heap before
{Heap before GC invocations=100 (full 0):
 garbage-first heap   total 291840K, used 247808K [0x00000000a0000000, 0x0000000100000000)
  region size 1024K, 14 young (14336K), 3 survivors (3072K)
 Metaspace       used 101993K, capacity 104678K, committed 105992K, reserved 1140736K
  class space    used 12632K, capacity 13575K, committed 14080K, reserved 1048576K
}

Deoptimization events (20 events):
Event: 993.468 Thread 0x00000141cd7d7000 DEOPT PACKING pc=0x00000141b799d397 sp=0x0000002829afe930
Event: 993.468 Thread 0x00000141cd7d7000 DEOPT UNPACKING pc=0x00000141b509a956 sp=0x0000002829afdf28 mode 0
Event: 993.484 Thread 0x00000141cd7ce000 DEOPT PACKING pc=0x00000141b799d397 sp=0x00000028296fe610
Event: 993.484 Thread 0x00000141cd7ce000 DEOPT UNPACKING pc=0x00000141b509a956 sp=0x00000028296fdc08 mode 0
Event: 993.488 Thread 0x00000141cd7d7000 DEOPT PACKING pc=0x00000141b799d397 sp=0x0000002829afe930
Event: 993.488 Thread 0x00000141cd7d7000 DEOPT UNPACKING pc=0x00000141b509a956 sp=0x0000002829afdf28 mode 0
Event: 993.492 Thread 0x00000141cd7cb800 DEOPT PACKING pc=0x00000141b799d397 sp=0x00000028292fec70
Event: 993.492 Thread 0x00000141cd7cb800 DEOPT UNPACKING pc=0x00000141b509a956 sp=0x00000028292fe268 mode 0
Event: 993.497 Thread 0x00000141cd7cb800 DEOPT PACKING pc=0x00000141b799d397 sp=0x00000028292fec70
Event: 993.497 Thread 0x00000141cd7cb800 DEOPT UNPACKING pc=0x00000141b509a956 sp=0x00000028292fe268 mode 0
Event: 993.501 Thread 0x00000141cd7ce000 DEOPT PACKING pc=0x00000141b799d397 sp=0x00000028296fe610
Event: 993.501 Thread 0x00000141cd7ce000 DEOPT UNPACKING pc=0x00000141b509a956 sp=0x00000028296fdc08 mode 0
Event: 993.565 Thread 0x00000141cd7d0800 DEOPT PACKING pc=0x00000141b7a76041 sp=0x00000028297fea90
Event: 993.565 Thread 0x00000141cd7d0800 DEOPT UNPACKING pc=0x00000141b509a956 sp=0x00000028297fe150 mode 0
Event: 993.598 Thread 0x00000141cd7cf000 Uncommon trap: trap_request=0xffffff4d fr.pc=0x00000141bd2404f0 relative=0x0000000000000050
Event: 993.598 Thread 0x00000141cd7cf000 Uncommon trap: reason=unstable_if action=reinterpret pc=0x00000141bd2404f0 method=java.lang.Float.isNaN(F)Z @ 3 c2
Event: 993.598 Thread 0x00000141cd7cf000 DEOPT PACKING pc=0x00000141bd2404f0 sp=0x00000028293fe690
Event: 993.598 Thread 0x00000141cd7cf000 DEOPT UNPACKING pc=0x00000141b509a1a7 sp=0x00000028293fe620 mode 2
Event: 993.706 Thread 0x00000141cd7cc800 DEOPT PACKING pc=0x00000141b7a9e7fc sp=0x00000028294fea60
Event: 993.706 Thread 0x00000141cd7cc800 DEOPT UNPACKING pc=0x00000141b509a956 sp=0x00000028294fe020 mode 0

Classes redefined (0 events):
No events

Internal exceptions (20 events):
Event: 991.669 Thread 0x00000141cf9ca800 Exception <a 'sun/nio/fs/WindowsException'{0x00000000ac4773d8}> (0x00000000ac4773d8) thrown at [src/hotspot/share/prims/jni.cpp, line 617]
Event: 991.682 Thread 0x00000141cf9ca800 Exception <a 'sun/nio/fs/WindowsException'{0x00000000ac4b17f8}> (0x00000000ac4b17f8) thrown at [src/hotspot/share/prims/jni.cpp, line 617]
Event: 991.696 Thread 0x00000141cf9ca800 Exception <a 'sun/nio/fs/WindowsException'{0x00000000ac3164d0}> (0x00000000ac3164d0) thrown at [src/hotspot/share/prims/jni.cpp, line 617]
Event: 991.708 Thread 0x00000141cf9ca800 Exception <a 'sun/nio/fs/WindowsException'{0x00000000ac355d18}> (0x00000000ac355d18) thrown at [src/hotspot/share/prims/jni.cpp, line 617]
Event: 991.719 Thread 0x00000141cf9ca800 Exception <a 'sun/nio/fs/WindowsException'{0x00000000ac38fe28}> (0x00000000ac38fe28) thrown at [src/hotspot/share/prims/jni.cpp, line 617]
Event: 991.731 Thread 0x00000141cf9ca800 Exception <a 'sun/nio/fs/WindowsException'{0x00000000ac3d1a98}> (0x00000000ac3d1a98) thrown at [src/hotspot/share/prims/jni.cpp, line 617]
Event: 991.742 Thread 0x00000141cf9ca800 Exception <a 'sun/nio/fs/WindowsException'{0x00000000ac20d410}> (0x00000000ac20d410) thrown at [src/hotspot/share/prims/jni.cpp, line 617]
Event: 991.754 Thread 0x00000141cf9ca800 Exception <a 'sun/nio/fs/WindowsException'{0x00000000ac256158}> (0x00000000ac256158) thrown at [src/hotspot/share/prims/jni.cpp, line 617]
Event: 991.767 Thread 0x00000141cf9ca800 Implicit null exception at 0x00000141bd431fb4 to 0x00000141bd4350f8
Event: 992.394 Thread 0x00000141cf9ca800 Exception <a 'java/lang/NoSuchMethodError'{0x00000000abd9eb40}: <clinit>> (0x00000000abd9eb40) thrown at [src/hotspot/share/prims/jni.cpp, line 1367]
Event: 992.635 Thread 0x00000141d4ee6000 Exception <a 'sun/nio/fs/WindowsException'{0x00000000ad7e1eb0}> (0x00000000ad7e1eb0) thrown at [src/hotspot/share/prims/jni.cpp, line 617]
Event: 992.731 Thread 0x00000141d0d12000 Exception <a 'sun/nio/fs/WindowsException'{0x00000000ae4dcab8}> (0x00000000ae4dcab8) thrown at [src/hotspot/share/prims/jni.cpp, line 617]
Event: 992.876 Thread 0x00000141cd7cf800 Implicit null exception at 0x00000141bccd56af to 0x00000141bccd57a0
Event: 992.876 Thread 0x00000141cd7ce000 Implicit null exception at 0x00000141bccd56af to 0x00000141bccd57a0
Event: 992.876 Thread 0x00000141cd7d2000 Implicit null exception at 0x00000141bccd56af to 0x00000141bccd57a0
Event: 992.876 Thread 0x00000141cd7cc800 Implicit null exception at 0x00000141bccd56af to 0x00000141bccd57a0
Event: 992.876 Thread 0x00000141cd7cb800 Implicit null exception at 0x00000141bccd56af to 0x00000141bccd57a0
Event: 992.876 Thread 0x00000141cd7cd000 Implicit null exception at 0x00000141bccd56af to 0x00000141bccd57a0
Event: 992.876 Thread 0x00000141cd7cf000 Implicit null exception at 0x00000141bccd56af to 0x00000141bccd57a0
Event: 993.407 Thread 0x00000141cd7d2000 Exception <a 'sun/nio/fs/WindowsException'{0x00000000b1c87010}> (0x00000000b1c87010) thrown at [src/hotspot/share/prims/jni.cpp, line 617]

Events (20 events):
Event: 993.443 Executing coalesced safepoint VM operation: RevokeBias done
Event: 993.443 Executing VM operation: RevokeBias done
Event: 993.445 Executing VM operation: RevokeBias
Event: 993.446 Executing VM operation: RevokeBias done
Event: 993.446 Thread 0x00000141cd7d0800 Thread added: 0x00000141cd7d0800
Event: 993.456 Executing VM operation: RevokeBias
Event: 993.456 Executing VM operation: RevokeBias done
Event: 993.458 Executing VM operation: RevokeBias
Event: 993.459 Executing VM operation: RevokeBias done
Event: 993.530 Executing VM operation: CGC_Operation
Event: 993.531 Executing VM operation: CGC_Operation done
Event: 993.566 Executing VM operation: G1CollectForAllocation
Event: 993.584 Executing VM operation: G1CollectForAllocation done
Event: 993.609 Executing VM operation: G1CollectForAllocation
Event: 993.638 Executing VM operation: G1CollectForAllocation done
Event: 993.675 Executing VM operation: G1CollectForAllocation
Event: 993.691 Executing VM operation: G1CollectForAllocation done
Event: 993.724 Executing VM operation: G1CollectForAllocation
Event: 993.734 Executing VM operation: G1CollectForAllocation done
Event: 993.758 Executing VM operation: G1CollectForAllocation


Dynamic libraries:
0x00007ff7104c0000 - 0x00007ff7104ca000 	C:\Program Files\Android\Android Studio\jbr\bin\java.exe
0x00007ff8f8a50000 - 0x00007ff8f8c48000 	C:\WINDOWS\SYSTEM32\ntdll.dll
0x00007ff8c8970000 - 0x00007ff8c8989000 	C:\Program Files\Avast Software\Avast\aswhook.dll
0x00007ff8f8950000 - 0x00007ff8f8a0f000 	C:\WINDOWS\System32\KERNEL32.DLL
0x00007ff8f6560000 - 0x00007ff8f6832000 	C:\WINDOWS\System32\KERNELBASE.dll
0x00007ff8f69a0000 - 0x00007ff8f6aa0000 	C:\WINDOWS\System32\ucrtbase.dll
0x00007ff8d03b0000 - 0x00007ff8d03cb000 	C:\Program Files\Android\Android Studio\jbr\bin\VCRUNTIME140.dll
0x00007ff8d0390000 - 0x00007ff8d03a7000 	C:\Program Files\Android\Android Studio\jbr\bin\jli.dll
0x00007ff8f6e50000 - 0x00007ff8f6ff1000 	C:\WINDOWS\System32\USER32.dll
0x00007ff8f6360000 - 0x00007ff8f6382000 	C:\WINDOWS\System32\win32u.dll
0x00007ff8f5550000 - 0x00007ff8f57ea000 	C:\WINDOWS\WinSxS\amd64_microsoft.windows.common-controls_6595b64144ccf1df_6.0.19041.1110_none_60b5254171f9507e\COMCTL32.dll
0x00007ff8f7d30000 - 0x00007ff8f7d5b000 	C:\WINDOWS\System32\GDI32.dll
0x00007ff8f6d00000 - 0x00007ff8f6d9e000 	C:\WINDOWS\System32\msvcrt.dll
0x00007ff8f6890000 - 0x00007ff8f699f000 	C:\WINDOWS\System32\gdi32full.dll
0x00007ff8f6150000 - 0x00007ff8f61ed000 	C:\WINDOWS\System32\msvcp_win.dll
0x00007ff8f6b00000 - 0x00007ff8f6b30000 	C:\WINDOWS\System32\IMM32.DLL
0x00007ff8e43a0000 - 0x00007ff8e43ac000 	C:\Program Files\Android\Android Studio\jbr\bin\vcruntime140_1.dll
0x00007ff8c61f0000 - 0x00007ff8c627d000 	C:\Program Files\Android\Android Studio\jbr\bin\msvcp140.dll
0x00000141b0140000 - 0x00000141b0cfc000 	C:\Program Files\Android\Android Studio\jbr\bin\server\jvm.dll
0x00007ff8f8880000 - 0x00007ff8f892e000 	C:\WINDOWS\System32\ADVAPI32.dll
0x00007ff8f6c60000 - 0x00007ff8f6cfc000 	C:\WINDOWS\System32\sechost.dll
0x00007ff8f8620000 - 0x00007ff8f8744000 	C:\WINDOWS\System32\RPCRT4.dll
0x00007ff8f8860000 - 0x00007ff8f8868000 	C:\WINDOWS\System32\PSAPI.DLL
0x00007ff8e8350000 - 0x00007ff8e8377000 	C:\WINDOWS\SYSTEM32\WINMM.dll
0x00007ff8e2b30000 - 0x00007ff8e2b39000 	C:\WINDOWS\SYSTEM32\WSOCK32.dll
0x00007ff8f10e0000 - 0x00007ff8f10ea000 	C:\WINDOWS\SYSTEM32\VERSION.dll
0x00007ff8f7cc0000 - 0x00007ff8f7d2b000 	C:\WINDOWS\System32\WS2_32.dll
0x00007ff8f39c0000 - 0x00007ff8f39d2000 	C:\WINDOWS\SYSTEM32\kernel.appcore.dll
0x00007ff8f2890000 - 0x00007ff8f28a0000 	C:\Program Files\Android\Android Studio\jbr\bin\verify.dll
0x00007ff8f5b80000 - 0x00007ff8f5d64000 	C:\WINDOWS\SYSTEM32\DBGHELP.DLL
0x00007ff8f5920000 - 0x00007ff8f5955000 	C:\WINDOWS\SYSTEM32\dbgcore.DLL
0x00007ff8f62a0000 - 0x00007ff8f6322000 	C:\WINDOWS\System32\bcryptPrimitives.dll
0x00007ff8e6b40000 - 0x00007ff8e6b68000 	C:\Program Files\Android\Android Studio\jbr\bin\java.dll
0x00007ff8f1070000 - 0x00007ff8f107a000 	C:\Program Files\Android\Android Studio\jbr\bin\jimage.dll
0x00007ff8ed5c0000 - 0x00007ff8ed5d8000 	C:\Program Files\Android\Android Studio\jbr\bin\zip.dll
0x00007ff8f7ed0000 - 0x00007ff8f8615000 	C:\WINDOWS\System32\SHELL32.dll
0x00007ff8f3bc0000 - 0x00007ff8f4352000 	C:\WINDOWS\SYSTEM32\windows.storage.dll
0x00007ff8f7900000 - 0x00007ff8f7c55000 	C:\WINDOWS\System32\combase.dll
0x00007ff8f5400000 - 0x00007ff8f5430000 	C:\WINDOWS\SYSTEM32\Wldp.dll
0x00007ff8f8750000 - 0x00007ff8f87fd000 	C:\WINDOWS\System32\SHCORE.dll
0x00007ff8f7240000 - 0x00007ff8f7295000 	C:\WINDOWS\System32\shlwapi.dll
0x00007ff8f6090000 - 0x00007ff8f60af000 	C:\WINDOWS\SYSTEM32\profapi.dll
0x00007ff8ed390000 - 0x00007ff8ed3a9000 	C:\Program Files\Android\Android Studio\jbr\bin\net.dll
0x00007ff8ee8e0000 - 0x00007ff8ee9ea000 	C:\WINDOWS\SYSTEM32\WINHTTP.dll
0x00007ff8f5170000 - 0x00007ff8f51da000 	C:\WINDOWS\system32\mswsock.dll
0x00007ff8e6b00000 - 0x00007ff8e6b13000 	C:\Program Files\Android\Android Studio\jbr\bin\nio.dll
0x00007ff8e6300000 - 0x00007ff8e6326000 	C:\Users\Fady\.gradle\native\31\windows-amd64\native-platform.dll
0x00007ff8f0bc0000 - 0x00007ff8f0bca000 	C:\Program Files\Android\Android Studio\jbr\bin\management.dll
0x00007ff8ede80000 - 0x00007ff8ede8b000 	C:\Program Files\Android\Android Studio\jbr\bin\management_ext.dll
0x00007ff8f5ee0000 - 0x00007ff8f5ef8000 	C:\WINDOWS\SYSTEM32\CRYPTSP.dll
0x00007ff8f4b20000 - 0x00007ff8f4b54000 	C:\WINDOWS\system32\rsaenh.dll
0x00007ff8f6330000 - 0x00007ff8f6357000 	C:\WINDOWS\System32\bcrypt.dll
0x00007ff8f6050000 - 0x00007ff8f607e000 	C:\WINDOWS\SYSTEM32\USERENV.dll
0x00007ff8f5430000 - 0x00007ff8f543c000 	C:\WINDOWS\SYSTEM32\CRYPTBASE.dll
0x00007ff8f4e90000 - 0x00007ff8f4ecb000 	C:\WINDOWS\SYSTEM32\IPHLPAPI.DLL
0x00007ff8f8870000 - 0x00007ff8f8878000 	C:\WINDOWS\System32\NSI.dll
0x00007ff8f04c0000 - 0x00007ff8f04d7000 	C:\WINDOWS\SYSTEM32\dhcpcsvc6.DLL
0x00007ff8ef6b0000 - 0x00007ff8ef6cd000 	C:\WINDOWS\SYSTEM32\dhcpcsvc.DLL
0x00007ff8f4ed0000 - 0x00007ff8f4f9b000 	C:\WINDOWS\SYSTEM32\DNSAPI.dll
0x00007ff8f5ea0000 - 0x00007ff8f5ed3000 	C:\WINDOWS\SYSTEM32\ntmarta.dll

dbghelp: loaded successfully - version: 4.0.5 - missing functions: none
symbol engine: initialized successfully - sym options: 0x614 - pdb path: .;C:\Program Files\Android\Android Studio\jbr\bin;C:\WINDOWS\SYSTEM32;C:\Program Files\Avast Software\Avast;C:\WINDOWS\WinSxS\amd64_microsoft.windows.common-controls_6595b64144ccf1df_6.0.19041.1110_none_60b5254171f9507e;C:\Program Files\Android\Android Studio\jbr\bin\server;C:\Users\Fady\.gradle\native\31\windows-amd64

VM Arguments:
jvm_args: --add-opens=java.base/java.util=ALL-UNNAMED --add-opens=java.base/java.lang=ALL-UNNAMED --add-opens=java.base/java.lang.invoke=ALL-UNNAMED --add-opens=java.prefs/java.util.prefs=ALL-UNNAMED -Xmx1536m -Dfile.encoding=windows-1252 -Duser.country=US -Duser.language=en -Duser.variant 
java_command: org.gradle.launcher.daemon.bootstrap.GradleDaemon 6.1.1
java_class_path (initial): C:\Users\Fady\.gradle\wrapper\dists\gradle-6.1.1-bin\4i3ntwqiazourd86epxcz427c\gradle-6.1.1\lib\gradle-launcher-6.1.1.jar
Launcher Type: SUN_STANDARD

[Global flags]
     intx CICompilerCount                          = 4                                         {product} {ergonomic}
     uint ConcGCThreads                            = 2                                         {product} {ergonomic}
     uint G1ConcRefinementThreads                  = 8                                         {product} {ergonomic}
   size_t G1HeapRegionSize                         = 1048576                                   {product} {ergonomic}
    uintx GCDrainStackTargetSize                   = 64                                        {product} {ergonomic}
   size_t InitialHeapSize                          = 134217728                                 {product} {ergonomic}
   size_t MarkStackSize                            = 4194304                                   {product} {ergonomic}
   size_t MaxHeapSize                              = 1610612736                                {product} {command line}
   size_t MaxNewSize                               = 965738496                                 {product} {ergonomic}
   size_t MinHeapDeltaBytes                        = 1048576                                   {product} {ergonomic}
    uintx NonNMethodCodeHeapSize                   = 5836300                                {pd product} {ergonomic}
    uintx NonProfiledCodeHeapSize                  = 122910970                              {pd product} {ergonomic}
    uintx ProfiledCodeHeapSize                     = 122910970                              {pd product} {ergonomic}
    uintx ReservedCodeCacheSize                    = 251658240                              {pd product} {ergonomic}
     bool SegmentedCodeCache                       = true                                      {product} {ergonomic}
     bool UseCompressedClassPointers               = true                                 {lp64_product} {ergonomic}
     bool UseCompressedOops                        = true                                 {lp64_product} {ergonomic}
     bool UseG1GC                                  = true                                      {product} {ergonomic}
     bool UseLargePagesIndividualAllocation        = false                                  {pd product} {ergonomic}

Logging:
Log output configuration:
 #0: stdout all=warning uptime,level,tags
 #1: stderr all=off uptime,level,tags

Environment Variables:
JAVA_HOME=C:\Program Files\Java\jre1.8.0_361
PATH=C:\Program Files\Common Files\Oracle\Java\javapath;C:\Program Files (x86)\Common Files\Oracle\Java\javapath;C:\Windows\system32;C:\Windows;C:\Windows\System32\Wbem;C:\Windows\System32\WindowsPowerShell\v1.0\;C:\Program Files (x86)\NVIDIA Corporation\PhysX\Common;C:\Program Files\NVIDIA Corporation\NVIDIA NvDLISR;C:\Program Files\dotnet\;C:\WINDOWS\system32;C:\WINDOWS;C:\WINDOWS\System32\Wbem;C:\WINDOWS\System32\WindowsPowerShell\v1.0\;C:\WINDOWS\System32\OpenSSH\;C:\Program Files\Git\cmd;C:\Program Files\Java\jdk-20\bin;C:\Program Files\Java\jre1.8.0_361\bin;C:\Users\Fady\AppData\Local\Microsoft\WindowsApps;C:\Users\Fady\AppData\Local\GitHubDesktop\bin;C:\Program Files\Java\jdk-20\bin;C:\Program Files (x86)\Java\jre1.8.0_361\bin;C:\Program Files\Java\jre1.8.0_361\bin;
USERNAME=Fady
OS=Windows_NT
PROCESSOR_IDENTIFIER=Intel64 Family 6 Model 58 Stepping 9, GenuineIntel



---------------  S Y S T E M  ---------------

OS: Windows 10 , 64 bit Build 19041 (10.0.19041.2546)
OS uptime: 3 days 21:27 hours

CPU:total 8 (initial active 8) (4 cores per cpu, 2 threads per core) family 6 model 58 stepping 9 microcode 0x21, cmov, cx8, fxsr, mmx, sse, sse2, sse3, ssse3, sse4.1, sse4.2, popcnt, avx, aes, clmul, erms, ht, tsc, tscinvbit, tscinv

Memory: 4k page, system-wide physical 8136M (298M free)
TotalPageFile size 16300M (AvailPageFile size 231M)
current process WorkingSet (physical memory assigned to process): 405M, peak: 444M
current process commit charge ("private bytes"): 623M, peak: 874M

vm_info: OpenJDK 64-Bit Server VM (11.0.15+0-b2043.56-9505619) for windows-amd64 JRE (11.0.15+0-b2043.56-9505619), built on Jan 19 2023 02:48:00 by "builduser" with unknown MS VC++:1929

END.
